This is pdfTeX, Version 3.141592653-2.6-1.40.24 (MiKTeX 22.10) (preloaded format=pdflatex 2022.10.18)  3 APR 2023 15:00
entering extended mode
 restricted \write18 enabled.
 %&-line parsing enabled.
**./refman.tex
(refman.tex
LaTeX2e <2022-06-01> patch level 5
L3 programming layer <2022-09-28>
(C:\Users\haluk\AppData\Local\Programs\MiKTeX\tex/latex/base\book.cls
Document Class: book 2021/10/04 v1.4n Standard LaTeX document class
(C:\Users\haluk\AppData\Local\Programs\MiKTeX\tex/latex/base\bk10.clo
File: bk10.clo 2021/10/04 v1.4n Standard LaTeX file (size option)
)
\c@part=\count185
\c@chapter=\count186
\c@section=\count187
\c@subsection=\count188
\c@subsubsection=\count189
\c@paragraph=\count190
\c@subparagraph=\count191
\c@figure=\count192
\c@table=\count193
\abovecaptionskip=\skip47
\belowcaptionskip=\skip48
\bibindent=\dimen138
)
(C:\Users\haluk\AppData\Local\Programs\MiKTeX\tex/latex/base\ifthen.sty
Package: ifthen 2022/04/13 v1.1d Standard LaTeX ifthen package (DPC)
)
(C:\Users\haluk\AppData\Local\Programs\MiKTeX\tex/latex/tools\array.sty
Rollback for package 'array' requested -> date 2016-10-06.
         Best approximation is the release introduced on 2016-10-06.

(C:\Users\haluk\AppData\Local\Programs\MiKTeX\tex/latex/tools\array-2016-10-06.
sty
Package: array 2016/10/06 v2.4d Tabular extension package (FMi)
\col@sep=\dimen139
\extrarowheight=\dimen140
\NC@list=\toks16
\extratabsurround=\skip49
\backup@length=\skip50
)) (C:\Users\haluk\AppData\Local\Programs\MiKTeX\tex/latex/base\fixltx2e.sty
Package: fixltx2e 2016/12/29 v2.1a fixes to LaTeX (obsolete)
Applying: [2015/01/01] Old fixltx2e package on input line 46.

Package fixltx2e Warning: fixltx2e is not required with releases after 2015
(fixltx2e)                All fixes are now in the LaTeX kernel.
(fixltx2e)                See the latexrelease package for details.

Already applied: [0000/00/00] Old fixltx2e package on input line 53.
) (doxygen.sty
Package: doxygen 

(C:\Users\haluk\AppData\Local\Programs\MiKTeX\tex/latex/base\alltt.sty
Package: alltt 2021/01/29 v2.0g defines alltt environment
)
(C:\Users\haluk\AppData\Local\Programs\MiKTeX\tex/latex/tools\calc.sty
Package: calc 2017/05/25 v4.3 Infix arithmetic (KKT,FJ)
\calc@Acount=\count194
\calc@Bcount=\count195
\calc@Adimen=\dimen141
\calc@Bdimen=\dimen142
\calc@Askip=\skip51
\calc@Bskip=\skip52
LaTeX Info: Redefining \setlength on input line 80.
LaTeX Info: Redefining \addtolength on input line 81.
\calc@Ccount=\count196
\calc@Cskip=\skip53
)
(C:\Users\haluk\AppData\Local\Programs\MiKTeX\tex/latex/float\float.sty
Package: float 2001/11/08 v1.3d Float enhancements (AL)
\c@float@type=\count197
\float@exts=\toks17
\float@box=\box51
\@float@everytoks=\toks18
\@floatcapt=\box52
)
(C:\Users\haluk\AppData\Local\Programs\MiKTeX\tex/latex/tools\verbatim.sty
Package: verbatim 2020-07-07 v1.5u LaTeX2e package for verbatim enhancements
\every@verbatim=\toks19
\verbatim@line=\toks20
\verbatim@in@stream=\read2
)
(C:\Users\haluk\AppData\Local\Programs\MiKTeX\tex/latex/xcolor\xcolor.sty
Package: xcolor 2022/06/12 v2.14 LaTeX color extensions (UK)

(C:\Users\haluk\AppData\Local\Programs\MiKTeX\tex/latex/graphics-cfg\color.cfg
File: color.cfg 2016/01/02 v1.6 sample color configuration
)
Package xcolor Info: Driver file: pdftex.def on input line 227.

(C:\Users\haluk\AppData\Local\Programs\MiKTeX\tex/latex/graphics-def\pdftex.def
File: pdftex.def 2022/09/22 v1.2b Graphics/color driver for pdftex
\stockwidth=\dimen143
\stockheight=\dimen144
) (C:\Users\haluk\AppData\Local\Programs\MiKTeX\tex/latex/colortbl\colortbl.sty
Package: colortbl 2022/06/20 v1.0f Color table columns (DPC)
\everycr=\toks21
\minrowclearance=\skip54
\rownum=\count198
)
(C:\Users\haluk\AppData\Local\Programs\MiKTeX\tex/latex/graphics\mathcolor.ltx)
Package xcolor Info: Model `cmy' substituted by `cmy0' on input line 1353.
Package xcolor Info: Model `hsb' substituted by `rgb' on input line 1357.
Package xcolor Info: Model `RGB' extended on input line 1369.
Package xcolor Info: Model `HTML' substituted by `rgb' on input line 1371.
Package xcolor Info: Model `Hsb' substituted by `hsb' on input line 1372.
Package xcolor Info: Model `tHsb' substituted by `hsb' on input line 1373.
Package xcolor Info: Model `HSB' substituted by `hsb' on input line 1374.
Package xcolor Info: Model `Gray' substituted by `gray' on input line 1375.
Package xcolor Info: Model `wave' substituted by `hsb' on input line 1376.
) (longtable_doxygen.sty
Package: longtable_doxygen 2014/10/28 v4.11 Multi-page Table package (DPC) - fr
ozen version for doxygen
\LTleft=\skip55
\LTright=\skip56
\LTpre=\skip57
\LTpost=\skip58
\LTchunksize=\count199
\LTcapwidth=\dimen145
\LT@head=\box53
\LT@firsthead=\box54
\LT@foot=\box55
\LT@lastfoot=\box56
\LT@cols=\count266
\LT@rows=\count267
\c@LT@tables=\count268
\c@LT@chunks=\count269
\LT@p@ftn=\toks22
) (tabu_doxygen.sty
Package: tabu_doxygen 2011/02/26 v2.8 - flexible LaTeX tabulars (FC), frozen ve
rsion for doxygen

(C:\Users\haluk\AppData\Local\Programs\MiKTeX\tex/latex/varwidth\varwidth.sty
Package: varwidth 2009/03/30 ver 0.92;  Variable-width minipages
\@vwid@box=\box57
\sift@deathcycles=\count270
\@vwid@loff=\dimen146
\@vwid@roff=\dimen147
)
\c@taburow=\count271
\tabu@nbcols=\count272
\tabu@cnt=\count273
\tabu@Xcol=\count274
\tabu@alloc=\count275
\tabu@nested=\count276
\tabu@target=\dimen148
\tabu@spreadtarget=\dimen149
\tabu@naturalX=\dimen150
\tabucolX=\dimen151
\tabu@Xsum=\dimen152
\extrarowdepth=\dimen153
\abovetabulinesep=\dimen154
\belowtabulinesep=\dimen155
\tabustrutrule=\dimen156
\tabu@thebody=\toks23
\tabu@footnotes=\toks24
\tabu@box=\box58
\tabu@arstrutbox=\box59
\tabu@hleads=\box60
\tabu@vleads=\box61
\tabu@cellskip=\skip59
) (C:\Users\haluk\AppData\Local\Programs\MiKTeX\tex/latex/fancyvrb\fancyvrb.sty
Package: fancyvrb 2022/06/06 4.5 verbatim text (tvz,hv)

(C:\Users\haluk\AppData\Local\Programs\MiKTeX\tex/latex/graphics\keyval.sty
Package: keyval 2022/05/29 v1.15 key=value parser (DPC)
\KV@toks@=\toks25
)
\FV@CodeLineNo=\count277
\FV@InFile=\read3
\FV@TabBox=\box62
\c@FancyVerbLine=\count278
\FV@StepNumber=\count279
\FV@OutFile=\write3
)
(C:\Users\haluk\AppData\Local\Programs\MiKTeX\tex/latex/tools\tabularx.sty
Package: tabularx 2020/01/15 v2.11c `tabularx' package (DPC)
\TX@col@width=\dimen157
\TX@old@table=\dimen158
\TX@old@col=\dimen159
\TX@target=\dimen160
\TX@delta=\dimen161
\TX@cols=\count280
\TX@ftn=\toks26
)
(C:\Users\haluk\AppData\Local\Programs\MiKTeX\tex/latex/tools\multicol.sty
Package: multicol 2021/11/30 v1.9d multicolumn formatting (FMi)
\c@tracingmulticols=\count281
\mult@box=\box63
\multicol@leftmargin=\dimen162
\c@unbalance=\count282
\c@collectmore=\count283
\doublecol@number=\count284
\multicoltolerance=\count285
\multicolpretolerance=\count286
\full@width=\dimen163
\page@free=\dimen164
\premulticols=\dimen165
\postmulticols=\dimen166
\multicolsep=\skip60
\multicolbaselineskip=\skip61
\partial@page=\box64
\last@line=\box65
\maxbalancingoverflow=\dimen167
\mult@rightbox=\box66
\mult@grightbox=\box67
\mult@firstbox=\box68
\mult@gfirstbox=\box69
\@tempa=\box70
\@tempa=\box71
\@tempa=\box72
\@tempa=\box73
\@tempa=\box74
\@tempa=\box75
\@tempa=\box76
\@tempa=\box77
\@tempa=\box78
\@tempa=\box79
\@tempa=\box80
\@tempa=\box81
\@tempa=\box82
\@tempa=\box83
\@tempa=\box84
\@tempa=\box85
\@tempa=\box86
\@tempa=\box87
\@tempa=\box88
\@tempa=\box89
\@tempa=\box90
\@tempa=\box91
\@tempa=\box92
\@tempa=\box93
\@tempa=\box94
\@tempa=\box95
\@tempa=\box96
\@tempa=\box97
\@tempa=\box98
\@tempa=\box99
\@tempa=\box100
\@tempa=\box101
\@tempa=\box102
\@tempa=\box103
\@tempa=\box104
\@tempa=\box105
\c@minrows=\count287
\c@columnbadness=\count288
\c@finalcolumnbadness=\count289
\last@try=\dimen168
\multicolovershoot=\dimen169
\multicolundershoot=\dimen170
\mult@nat@firstbox=\box106
\colbreak@box=\box107
\mc@col@check@num=\count290
)
(C:\Users\haluk\AppData\Local\Programs\MiKTeX\tex/latex/multirow\multirow.sty
Package: multirow 2021/03/15 v2.8 Span multiple rows of a table
\multirow@colwidth=\skip62
\multirow@cntb=\count291
\multirow@dima=\skip63
\bigstrutjot=\dimen171
)
(C:\Users\haluk\AppData\Local\Programs\MiKTeX\tex/latex/hanging\hanging.sty
Package: hanging 2009/09/02 v1.2b hanging paragraphs and punctuation
\h@ngcommawd=\skip64
\h@ngfstopwd=\skip65
\h@ngquotewd=\skip66
\h@ngdquotewd=\skip67
\h@ngquerywd=\skip68
\h@ngexclwd=\skip69
\h@ngcolonwd=\skip70
\h@ngscolonwd=\skip71
)
(C:\Users\haluk\AppData\Local\Programs\MiKTeX\tex/generic/iftex\ifpdf.sty
Package: ifpdf 2019/10/25 v3.4 ifpdf legacy package. Use iftex instead.

(C:\Users\haluk\AppData\Local\Programs\MiKTeX\tex/generic/iftex\iftex.sty
Package: iftex 2022/02/03 v1.0f TeX engine tests
))
(C:\Users\haluk\AppData\Local\Programs\MiKTeX\tex/latex/adjustbox\adjustbox.sty
Package: adjustbox 2020/08/19 v1.3 Adjusting TeX boxes (trim, clip, ...)
(C:\Users\haluk\AppData\Local\Programs\MiKTeX\tex/latex/xkeyval\xkeyval.sty
Package: xkeyval 2022/06/16 v2.9 package option processing (HA)

(C:\Users\haluk\AppData\Local\Programs\MiKTeX\tex/generic/xkeyval\xkeyval.tex
(C:\Users\haluk\AppData\Local\Programs\MiKTeX\tex/generic/xkeyval\xkvutils.tex
\XKV@toks=\toks27
\XKV@tempa@toks=\toks28
)
\XKV@depth=\count292
File: xkeyval.tex 2014/12/03 v2.7a key=value parser (HA)
))
(C:\Users\haluk\AppData\Local\Programs\MiKTeX\tex/latex/adjustbox\adjcalc.sty
Package: adjcalc 2012/05/16 v1.1 Provides advanced setlength with multiple back
-ends (calc, etex, pgfmath)
)
(C:\Users\haluk\AppData\Local\Programs\MiKTeX\tex/latex/adjustbox\trimclip.sty
Package: trimclip 2020/08/19 v1.2 Trim and clip general TeX material

(C:\Users\haluk\AppData\Local\Programs\MiKTeX\tex/latex/graphics\graphicx.sty
Package: graphicx 2021/09/16 v1.2d Enhanced LaTeX Graphics (DPC,SPQR)

(C:\Users\haluk\AppData\Local\Programs\MiKTeX\tex/latex/graphics\graphics.sty
Package: graphics 2022/03/10 v1.4e Standard LaTeX Graphics (DPC,SPQR)

(C:\Users\haluk\AppData\Local\Programs\MiKTeX\tex/latex/graphics\trig.sty
Package: trig 2021/08/11 v1.11 sin cos tan (DPC)
)
(C:\Users\haluk\AppData\Local\Programs\MiKTeX\tex/latex/graphics-cfg\graphics.c
fg
File: graphics.cfg 2016/06/04 v1.11 sample graphics configuration
)
Package graphics Info: Driver file: pdftex.def on input line 107.
)
\Gin@req@height=\dimen172
\Gin@req@width=\dimen173
)
(C:\Users\haluk\AppData\Local\Programs\MiKTeX\tex/latex/collectbox\collectbox.s
ty
Package: collectbox 2012/05/17 v0.4b Collect macro arguments as boxes
\collectedbox=\box108
)
\tc@llx=\dimen174
\tc@lly=\dimen175
\tc@urx=\dimen176
\tc@ury=\dimen177
Package trimclip Info: Using driver 'tc-pdftex.def'.

(C:\Users\haluk\AppData\Local\Programs\MiKTeX\tex/latex/adjustbox\tc-pdftex.def
File: tc-pdftex.def 2019/01/04 v2.2 Clipping driver for pdftex
))
\adjbox@Width=\dimen178
\adjbox@Height=\dimen179
\adjbox@Depth=\dimen180
\adjbox@Totalheight=\dimen181
\adjbox@pwidth=\dimen182
\adjbox@pheight=\dimen183
\adjbox@pdepth=\dimen184
\adjbox@ptotalheight=\dimen185

(C:\Users\haluk\AppData\Local\Programs\MiKTeX\tex/latex/ifoddpage\ifoddpage.sty
Package: ifoddpage 2016/04/23 v1.1 Conditionals for odd/even page detection
\c@checkoddpage=\count293
)) (C:\Users\haluk\AppData\Local\Programs\MiKTeX\tex/latex/amsfonts\amssymb.sty
Package: amssymb 2013/01/14 v3.01 AMS font symbols
(C:\Users\haluk\AppData\Local\Programs\MiKTeX\tex/latex/amsfonts\amsfonts.sty
Package: amsfonts 2013/01/14 v3.01 Basic AMSFonts support
\@emptytoks=\toks29
\symAMSa=\mathgroup4
\symAMSb=\mathgroup5
LaTeX Font Info:    Redeclaring math symbol \hbar on input line 98.
LaTeX Font Info:    Overwriting math alphabet `\mathfrak' in version `bold'
(Font)                  U/euf/m/n --> U/euf/b/n on input line 106.
))
(C:\Users\haluk\AppData\Local\Programs\MiKTeX\tex/latex/stackengine\stackengine
.sty
Package: stackengine 2021/07/22 v4.11\ Stacking text and objects in convenient 
ways

(C:\Users\haluk\AppData\Local\Programs\MiKTeX\tex/latex/etoolbox\etoolbox.sty
Package: etoolbox 2020/10/05 v2.5k e-TeX tools for LaTeX (JAW)
\etb@tempcnta=\count294
)
(C:\Users\haluk\AppData\Local\Programs\MiKTeX\tex/latex/listofitems\listofitems
.sty
(C:\Users\haluk\AppData\Local\Programs\MiKTeX\tex/generic/listofitems\listofite
ms.tex
\loi_cnt_foreach_nest=\count295
\loi_nestcnt=\count296
)
Package: listofitems 2019/08/21 v1.63 Grab items in lists using user-specified 
sep char (CT)
)
\c@@stackindex=\count297
\@boxshift=\skip72
\stack@tmplength=\skip73
\temp@stkl=\skip74
\@stackedboxwidth=\skip75
\@addedbox=\box109
\@anchorbox=\box110
\@insetbox=\box111
\se@backgroundbox=\box112
\stackedbox=\box113
\@centerbox=\box114
\c@ROWcellindex@=\count298
)
(C:\Users\haluk\AppData\Local\Programs\MiKTeX\tex/latex/enumitem\enumitem.sty
Package: enumitem 2019/06/20 v3.9 Customized lists
\labelindent=\skip76
\enit@outerparindent=\dimen186
\enit@toks=\toks30
\enit@inbox=\box115
\enit@count@id=\count299
\enitdp@description=\count300
)
(C:\Users\haluk\AppData\Local\Programs\MiKTeX\tex/generic/alphalph\alphalph.sty
Package: alphalph 2019/12/09 v2.6 Convert numbers to letters (HO)

(C:\Users\haluk\AppData\Local\Programs\MiKTeX\tex/generic/infwarerr\infwarerr.s
ty
Package: infwarerr 2019/12/03 v1.5 Providing info/warning/error messages (HO)
)
(C:\Users\haluk\AppData\Local\Programs\MiKTeX\tex/generic/intcalc\intcalc.sty
Package: intcalc 2019/12/15 v1.3 Expandable calculations with integers (HO)
)) (C:\Users\haluk\AppData\Local\Programs\MiKTeX\tex/latex/ulem\ulem.sty
\UL@box=\box116
\UL@hyphenbox=\box117
\UL@skip=\skip77
\UL@hook=\toks31
\UL@height=\dimen187
\UL@pe=\count301
\UL@pixel=\dimen188
\ULC@box=\box118
Package: ulem 2019/11/18
\ULdepth=\dimen189
)
\xrefbox=\box119
\xreflength=\skip78
\CodeWidthChar=\skip79
\CodeHeightChar=\skip80
\DoxyCodeWidth=\skip81
\c@DoxyEnumeratei=\count302
\c@DoxyEnumerateii=\count303
\c@DoxyEnumerateiii=\count304
\c@DoxyEnumerateiv=\count305
\c@DoxyEnumeratev=\count306
\c@DoxyEnumeratevi=\count307
\c@DoxyEnumeratevii=\count308
\c@DoxyEnumerateviii=\count309
\c@DoxyEnumerateix=\count310
\c@DoxyEnumeratex=\count311
\c@DoxyEnumeratexi=\count312
\c@DoxyEnumeratexii=\count313
\enitdp@DoxyEnumerate=\count314
\enitdp@DoxyItemize=\count315
)
(C:\Users\haluk\AppData\Local\Programs\MiKTeX\tex/latex/base\inputenc.sty
Package: inputenc 2021/02/14 v1.3d Input encoding file
\inpenc@prehook=\toks32
\inpenc@posthook=\toks33
)
(C:\Users\haluk\AppData\Local\Programs\MiKTeX\tex/latex/base\makeidx.sty
Package: makeidx 2021/10/04 v1.0m Standard LaTeX package
)
(C:\Users\haluk\AppData\Local\Programs\MiKTeX\tex/latex/base\textcomp.sty
Package: textcomp 2020/02/02 v2.0n Standard LaTeX package
)
(C:\Users\haluk\AppData\Local\Programs\MiKTeX\tex/latex/wasysym\wasysym.sty
Package: wasysym 2020/01/19 v2.4 Wasy-2 symbol support package
\symwasy=\mathgroup6
LaTeX Font Info:    Overwriting symbol font `wasy' in version `bold'
(Font)                  U/wasy/m/n --> U/wasy/b/n on input line 93.
)
(C:\Users\haluk\AppData\Local\Programs\MiKTeX\tex/generic/iftex\ifxetex.sty
Package: ifxetex 2019/10/25 v0.7 ifxetex legacy package. Use iftex instead.
)
(C:\Users\haluk\AppData\Local\Programs\MiKTeX\tex/latex/base\fontenc.sty
Package: fontenc 2021/04/29 v2.0v Standard LaTeX package
)
(C:\Users\haluk\AppData\Local\Programs\MiKTeX\tex/latex/psnfss\helvet.sty
Package: helvet 2020/03/25 PSNFSS-v9.3 (WaS) 
)
(C:\Users\haluk\AppData\Local\Programs\MiKTeX\tex/latex/psnfss\courier.sty
Package: courier 2020/03/25 PSNFSS-v9.3 (WaS) 
)
(C:\Users\haluk\AppData\Local\Programs\MiKTeX\tex/latex/sectsty\sectsty.sty
Package: sectsty 2002/02/25 v2.0.2 Commands to change all sectional heading sty
les


LaTeX Warning: Command \underbar  has changed.
               Check if current package is valid.


LaTeX Warning: Command \underline  has changed.
               Check if current package is valid.

) (C:\Users\haluk\AppData\Local\Programs\MiKTeX\tex/latex/geometry\geometry.sty
Package: geometry 2020/01/02 v5.9 Page Geometry
(C:\Users\haluk\AppData\Local\Programs\MiKTeX\tex/generic/iftex\ifvtex.sty
Package: ifvtex 2019/10/25 v1.7 ifvtex legacy package. Use iftex instead.
)
\Gm@cnth=\count316
\Gm@cntv=\count317
\c@Gm@tempcnt=\count318
\Gm@bindingoffset=\dimen190
\Gm@wd@mp=\dimen191
\Gm@odd@mp=\dimen192
\Gm@even@mp=\dimen193
\Gm@layoutwidth=\dimen194
\Gm@layoutheight=\dimen195
\Gm@layouthoffset=\dimen196
\Gm@layoutvoffset=\dimen197
\Gm@dimlist=\toks34

(C:\Users\haluk\AppData\Local\Programs\MiKTeX\tex/latex/geometry\geometry.cfg))
(C:\Users\haluk\AppData\Local\Programs\MiKTeX\tex/latex/fancyhdr\fancyhdr.sty
Package: fancyhdr 2022/05/18 v4.0.3 Extensive control of page headers and foote
rs
\f@nch@headwidth=\skip82
\f@nch@O@elh=\skip83
\f@nch@O@erh=\skip84
\f@nch@O@olh=\skip85
\f@nch@O@orh=\skip86
\f@nch@O@elf=\skip87
\f@nch@O@erf=\skip88
\f@nch@O@olf=\skip89
\f@nch@O@orf=\skip90
)
(C:\Users\haluk\AppData\Local\Programs\MiKTeX\tex/latex/natbib\natbib.sty
Package: natbib 2010/09/13 8.31b (PWD, AO)
\bibhang=\skip91
\bibsep=\skip92
LaTeX Info: Redefining \cite on input line 694.
\c@NAT@ctr=\count319
)
(C:\Users\haluk\AppData\Local\Programs\MiKTeX\tex/latex/tocloft\tocloft.sty
Package: tocloft 2017/08/31 v2.3i parameterised ToC, etc., typesetting
Package tocloft Info: The document has chapter divisions on input line 51.
\cftparskip=\skip93
\cftbeforetoctitleskip=\skip94
\cftaftertoctitleskip=\skip95
\cftbeforepartskip=\skip96
\cftpartnumwidth=\skip97
\cftpartindent=\skip98
\cftbeforechapskip=\skip99
\cftchapindent=\skip100
\cftchapnumwidth=\skip101
\cftbeforesecskip=\skip102
\cftsecindent=\skip103
\cftsecnumwidth=\skip104
\cftbeforesubsecskip=\skip105
\cftsubsecindent=\skip106
\cftsubsecnumwidth=\skip107
\cftbeforesubsubsecskip=\skip108
\cftsubsubsecindent=\skip109
\cftsubsubsecnumwidth=\skip110
\cftbeforeparaskip=\skip111
\cftparaindent=\skip112
\cftparanumwidth=\skip113
\cftbeforesubparaskip=\skip114
\cftsubparaindent=\skip115
\cftsubparanumwidth=\skip116
\cftbeforeloftitleskip=\skip117
\cftafterloftitleskip=\skip118
\cftbeforefigskip=\skip119
\cftfigindent=\skip120
\cftfignumwidth=\skip121
\c@lofdepth=\count320
\c@lotdepth=\count321
\cftbeforelottitleskip=\skip122
\cftafterlottitleskip=\skip123
\cftbeforetabskip=\skip124
\cfttabindent=\skip125
\cfttabnumwidth=\skip126
)
\@indexfile=\write4
\openout4 = `refman.idx'.


Writing index file refman.idx

(C:\Users\haluk\AppData\Local\Programs\MiKTeX\tex/latex/newunicodechar\newunico
dechar.sty
Package: newunicodechar 2018/04/08 v1.2 Defining Unicode characters
)

Package newunicodechar Warning: Redefining Unicode character on input line 116.



Package newunicodechar Warning: Redefining Unicode character on input line 117.


(C:\Users\haluk\AppData\Local\Programs\MiKTeX\tex/latex/hyperref\hyperref.sty
Package: hyperref 2022-09-22 v7.00t Hypertext links for LaTeX

(C:\Users\haluk\AppData\Local\Programs\MiKTeX\tex/generic/ltxcmds\ltxcmds.sty
Package: ltxcmds 2020-05-10 v1.25 LaTeX kernel commands for general use (HO)
)
(C:\Users\haluk\AppData\Local\Programs\MiKTeX\tex/generic/pdftexcmds\pdftexcmds
.sty
Package: pdftexcmds 2020-06-27 v0.33 Utility functions of pdfTeX for LuaTeX (HO
)
Package pdftexcmds Info: \pdf@primitive is available.
Package pdftexcmds Info: \pdf@ifprimitive is available.
Package pdftexcmds Info: \pdfdraftmode found.
)
(C:\Users\haluk\AppData\Local\Programs\MiKTeX\tex/latex/kvsetkeys\kvsetkeys.sty
Package: kvsetkeys 2022-10-05 v1.19 Key value parser (HO)
)
(C:\Users\haluk\AppData\Local\Programs\MiKTeX\tex/generic/kvdefinekeys\kvdefine
keys.sty
Package: kvdefinekeys 2019-12-19 v1.6 Define keys (HO)
)
(C:\Users\haluk\AppData\Local\Programs\MiKTeX\tex/generic/pdfescape\pdfescape.s
ty
Package: pdfescape 2019/12/09 v1.15 Implements pdfTeX's escape features (HO)
) (C:\Users\haluk\AppData\Local\Programs\MiKTeX\tex/latex/hycolor\hycolor.sty
Package: hycolor 2020-01-27 v1.10 Color options for hyperref/bookmark (HO)
)
(C:\Users\haluk\AppData\Local\Programs\MiKTeX\tex/latex/letltxmacro\letltxmacro
.sty
Package: letltxmacro 2019/12/03 v1.6 Let assignment for LaTeX macros (HO)
)
(C:\Users\haluk\AppData\Local\Programs\MiKTeX\tex/latex/auxhook\auxhook.sty
Package: auxhook 2019-12-17 v1.6 Hooks for auxiliary files (HO)
)
(C:\Users\haluk\AppData\Local\Programs\MiKTeX\tex/latex/hyperref\nameref.sty
Package: nameref 2022-05-17 v2.50 Cross-referencing by name of section

(C:\Users\haluk\AppData\Local\Programs\MiKTeX\tex/latex/refcount\refcount.sty
Package: refcount 2019/12/15 v3.6 Data extraction from label references (HO)
)
(C:\Users\haluk\AppData\Local\Programs\MiKTeX\tex/generic/gettitlestring\gettit
lestring.sty
Package: gettitlestring 2019/12/15 v1.6 Cleanup title references (HO)

(C:\Users\haluk\AppData\Local\Programs\MiKTeX\tex/latex/kvoptions\kvoptions.sty
Package: kvoptions 2022-06-15 v3.15 Key value format for package options (HO)
))
\c@section@level=\count322
)
\@linkdim=\dimen198
\Hy@linkcounter=\count323
\Hy@pagecounter=\count324
 (C:\Users\haluk\AppData\Local\Programs\MiKTeX\tex/latex/hyperref\pd1enc.def
File: pd1enc.def 2022-09-22 v7.00t Hyperref: PDFDocEncoding definition (HO)
Now handling font encoding PD1 ...
... no UTF-8 mapping file for font encoding PD1
)
(C:\Users\haluk\AppData\Local\Programs\MiKTeX\tex/generic/etexcmds\etexcmds.sty
Package: etexcmds 2019/12/15 v1.7 Avoid name clashes with e-TeX commands (HO)
)
\Hy@SavedSpaceFactor=\count325
 (C:\Users\haluk\AppData\Local\Programs\MiKTeX\tex/latex/hyperref\puenc.def
File: puenc.def 2022-09-22 v7.00t Hyperref: PDF Unicode definition (HO)
Now handling font encoding PU ...
... no UTF-8 mapping file for font encoding PU
)
Package hyperref Info: Hyper figures OFF on input line 4162.
Package hyperref Info: Link nesting OFF on input line 4167.
Package hyperref Info: Hyper index ON on input line 4170.
Package hyperref Info: Plain pages OFF on input line 4177.
Package hyperref Info: Backreferencing ON on input line 4180.
Package hyperref Info: Implicit mode ON; LaTeX internals redefined.
Package hyperref Info: Bookmarks ON on input line 4410.

(C:\Users\haluk\AppData\Local\Programs\MiKTeX\tex/latex/hyperref\backref.sty
Package: backref 2021/02/04 v1.41 Bibliographical back referencing

(C:\Users\haluk\AppData\Local\Programs\MiKTeX\tex/latex/rerunfilecheck\rerunfil
echeck.sty
Package: rerunfilecheck 2022-07-10 v1.10 Rerun checks for auxiliary files (HO)

(C:\Users\haluk\AppData\Local\Programs\MiKTeX\tex/latex/base\atveryend-ltx.sty
Package: atveryend-ltx 2020/08/19 v1.0a Emulation of the original atveryend pac
kage
with kernel methods
)
(C:\Users\haluk\AppData\Local\Programs\MiKTeX\tex/generic/uniquecounter\uniquec
ounter.sty
Package: uniquecounter 2019/12/15 v1.4 Provide unlimited unique counter (HO)

(C:\Users\haluk\AppData\Local\Programs\MiKTeX\tex/generic/bigintcalc\bigintcalc
.sty
Package: bigintcalc 2019/12/15 v1.5 Expandable calculations on big integers (HO
)
))
Package uniquecounter Info: New unique counter `rerunfilecheck' on input line 2
85.
))
\c@Hy@tempcnt=\count326
 (C:\Users\haluk\AppData\Local\Programs\MiKTeX\tex/latex/url\url.sty
\Urlmuskip=\muskip16
Package: url 2013/09/16  ver 3.4  Verb mode for urls, etc.
)
LaTeX Info: Redefining \url on input line 4748.
\XeTeXLinkMargin=\dimen199

(C:\Users\haluk\AppData\Local\Programs\MiKTeX\tex/generic/bitset\bitset.sty
Package: bitset 2019/12/09 v1.3 Handle bit-vector datatype (HO)
)
\Fld@menulength=\count327
\Field@Width=\dimen256
\Fld@charsize=\dimen257
Package hyperref Info: Hyper figures OFF on input line 6027.
Package hyperref Info: Link nesting OFF on input line 6032.
Package hyperref Info: Hyper index ON on input line 6035.
Package hyperref Info: backreferencing ON on input line 6040.
Package hyperref Info: Link coloring OFF on input line 6047.
Package hyperref Info: Link coloring with OCG OFF on input line 6052.
Package hyperref Info: PDF/A mode OFF on input line 6057.

(C:\Users\haluk\AppData\Local\Programs\MiKTeX\tex/latex/base\atbegshi-ltx.sty
Package: atbegshi-ltx 2021/01/10 v1.0c Emulation of the original atbegshi
package with kernel methods
)
\Hy@abspage=\count328
\c@Item=\count329
\c@Hfootnote=\count330


LaTeX Warning: Command \LT@p@ftntext  has changed.
               Check if current package is valid.

)
Package hyperref Info: Driver: hpdftex.
 (C:\Users\haluk\AppData\Local\Programs\MiKTeX\tex/latex/hyperref\hpdftex.def
File: hpdftex.def 2022-09-22 v7.00t Hyperref driver for pdfTeX
\Fld@listcount=\count331
\c@bookmark@seq@number=\count332
\Hy@SectionHShift=\skip127
)
Package hyperref Info: Option `colorlinks' set `true' on input line 136.
Package hyperref Info: Option `unicode' set `true' on input line 136.
(C:\Users\haluk\AppData\Local\Programs\MiKTeX\tex/latex/caption\caption.sty
Package: caption 2022/03/01 v3.6b Customizing captions (AR)

(C:\Users\haluk\AppData\Local\Programs\MiKTeX\tex/latex/caption\caption3.sty
Package: caption3 2022/03/17 v2.3b caption3 kernel (AR)
\caption@tempdima=\dimen258
\captionmargin=\dimen259
\caption@leftmargin=\dimen260
\caption@rightmargin=\dimen261
\caption@width=\dimen262
\caption@indent=\dimen263
\caption@parindent=\dimen264
\caption@hangindent=\dimen265
Package caption Info: Standard document class detected.
)
\c@caption@flags=\count333
\c@continuedfloat=\count334
Package caption Info: float package is loaded.
Package caption Info: hyperref package is loaded.
Package caption Info: longtable package is loaded.

(C:\Users\haluk\AppData\Local\Programs\MiKTeX\tex/latex/caption\ltcaption.sty
Package: ltcaption 2021/01/08 v1.4c longtable captions (AR)
)) (C:\Users\haluk\AppData\Local\Programs\MiKTeX\tex/latex/etoc\etoc.sty
Package: etoc 2022/08/30 v1.09f Completely customisable TOCs (JFB)
\Etoc@toctoks=\toks35
\c@etoc@tocid=\count335
\c@etoc@tocdepth=\count336
\etoc@framed@titlebox=\box120
\etoc@framed@contentsbox=\box121
)
LaTeX Font Info:    Trying to load font information for T1+phv on input line 15
2.

(C:\Users\haluk\AppData\Local\Programs\MiKTeX\tex/latex/psnfss\t1phv.fd
File: t1phv.fd 2020/03/25 scalable font definitions for T1/phv.
)
LaTeX Font Info:    Font shape `T1/phv/m/n' will be
(Font)              scaled to size 8.99994pt on input line 152.

(C:\Users\haluk\AppData\Local\Programs\MiKTeX\tex/latex/l3backend\l3backend-pdf
tex.def
File: l3backend-pdftex.def 2022-09-28 L3 backend support: PDF output (pdfTeX)
\l__color_backend_stack_int=\count337
\l__pdf_internal_box=\box122
) (refman.aux)
\openout1 = `refman.aux'.

LaTeX Font Info:    Checking defaults for OML/cmm/m/it on input line 152.
LaTeX Font Info:    ... okay on input line 152.
LaTeX Font Info:    Checking defaults for OMS/cmsy/m/n on input line 152.
LaTeX Font Info:    ... okay on input line 152.
LaTeX Font Info:    Checking defaults for OT1/cmr/m/n on input line 152.
LaTeX Font Info:    ... okay on input line 152.
LaTeX Font Info:    Checking defaults for T1/cmr/m/n on input line 152.
LaTeX Font Info:    ... okay on input line 152.
LaTeX Font Info:    Checking defaults for TS1/cmr/m/n on input line 152.
LaTeX Font Info:    ... okay on input line 152.
LaTeX Font Info:    Checking defaults for OMX/cmex/m/n on input line 152.
LaTeX Font Info:    ... okay on input line 152.
LaTeX Font Info:    Checking defaults for U/cmr/m/n on input line 152.
LaTeX Font Info:    ... okay on input line 152.
LaTeX Font Info:    Checking defaults for PD1/pdf/m/n on input line 152.
LaTeX Font Info:    ... okay on input line 152.
LaTeX Font Info:    Checking defaults for PU/pdf/m/n on input line 152.
LaTeX Font Info:    ... okay on input line 152.

(C:\Users\haluk\AppData\Local\Programs\MiKTeX\tex/context/base/mkii\supp-pdf.mk
ii
[Loading MPS to PDF converter (version 2006.09.02).]
\scratchcounter=\count338
\scratchdimen=\dimen266
\scratchbox=\box123
\nofMPsegments=\count339
\nofMParguments=\count340
\everyMPshowfont=\toks36
\MPscratchCnt=\count341
\MPscratchDim=\dimen267
\MPnumerator=\count342
\makeMPintoPDFobject=\count343
\everyMPtoPDFconversion=\toks37
)
(C:\Users\haluk\AppData\Local\Programs\MiKTeX\tex/latex/epstopdf-pkg\epstopdf-b
ase.sty
Package: epstopdf-base 2020-01-24 v2.11 Base part for package epstopdf
Package epstopdf-base Info: Redefining graphics rule for `.eps' on input line 4
85.

(C:\Users\haluk\AppData\Local\Programs\MiKTeX\tex/latex/00miktex\epstopdf-sys.c
fg
File: epstopdf-sys.cfg 2021/03/18 v2.0 Configuration of epstopdf for MiKTeX
))
*geometry* driver: auto-detecting
*geometry* detected driver: pdftex
*geometry* verbose mode - [ preamble ] result:
* driver: pdftex
* paper: a4paper
* layout: <same size as paper>
* layoutoffset:(h,v)=(0.0pt,0.0pt)
* modes: twoside 
* h-part:(L,W,R)=(71.13188pt, 455.24411pt, 71.13188pt)
* v-part:(T,H,B)=(71.13188pt, 702.78308pt, 71.13188pt)
* \paperwidth=597.50787pt
* \paperheight=845.04684pt
* \textwidth=455.24411pt
* \textheight=702.78308pt
* \oddsidemargin=-1.1381pt
* \evensidemargin=-1.1381pt
* \topmargin=-31.2056pt
* \headheight=12.0pt
* \headsep=18.06749pt
* \topskip=10.0pt
* \footskip=25.29494pt
* \marginparwidth=125.0pt
* \marginparsep=7.0pt
* \columnsep=10.0pt
* \skip\footins=9.0pt plus 4.0pt minus 2.0pt
* \hoffset=0.0pt
* \voffset=0.0pt
* \mag=1000
* \@twocolumnfalse
* \@twosidetrue
* \@mparswitchtrue
* \@reversemarginfalse
* (1in=72.27pt=25.4mm, 1cm=28.453pt)

Package backref Info: ** backref set up for natbib ** on input line 152.
Package hyperref Info: Link coloring ON on input line 152.
(refman.out) (refman.out)
\@outlinefile=\write5
\openout5 = `refman.out'.

Package caption Info: Begin \AtBeginDocument code.
Package caption Info: End \AtBeginDocument code.
\Etoc@tf=\read4
Package hyperref Info: Option `pageanchor' set `false' on input line 160.
Package hyperref Info: Option `bookmarksnumbered' set `true' on input line 160.

Package hyperref Info: Option `unicode' set `true' on input line 160.
LaTeX Font Info:    Font shape `T1/phv/m/n' will be
(Font)              scaled to size 12.9599pt on input line 165.
LaTeX Font Info:    Font shape `T1/phv/m/n' will be
(Font)              scaled to size 10.79993pt on input line 166.
LaTeX Font Info:    Font shape `T1/phv/m/n' will be
(Font)              scaled to size 6.29996pt on input line 166.
LaTeX Font Info:    Trying to load font information for U+msa on input line 166
.

(C:\Users\haluk\AppData\Local\Programs\MiKTeX\tex/latex/amsfonts\umsa.fd
File: umsa.fd 2013/01/14 v3.01 AMS symbols A
)
LaTeX Font Info:    Trying to load font information for U+msb on input line 166
.

(C:\Users\haluk\AppData\Local\Programs\MiKTeX\tex/latex/amsfonts\umsb.fd
File: umsb.fd 2013/01/14 v3.01 AMS symbols B
)
LaTeX Font Info:    Trying to load font information for U+wasy on input line 16
6.

(C:\Users\haluk\AppData\Local\Programs\MiKTeX\tex/latex/wasysym\uwasy.fd
File: uwasy.fd 2020/01/19 v2.4 Wasy-2 symbol font definitions
)
[1


{C:/Users/haluk/AppData/Local/MiKTeX/fonts/map/pdftex/pdftex.map}] [2

]
\tf@toc=\write6
\openout6 = `refman.toc'.

LaTeX Font Info:    Font shape `T1/phv/b/n' will be
(Font)              scaled to size 8.99994pt on input line 174.
LaTeX Font Info:    Font shape `T1/phv/b/n' will be
(Font)              scaled to size 6.29996pt on input line 174.

[1] [2]
Overfull \hbox (51.83588pt too wide) in paragraph at lines 174--174
 [][] [][]\T1/phv/m/n/10 6.2 C[]:/ce100-hw2-haluk-kurtulus/ce100-hw1-haluk-kurt
ulus/obj/[]Debug/net6.0/.NETCore[]App,Version=v6.0.Assembly[] 
 []


Overfull \hbox (44.83405pt too wide) in paragraph at lines 174--174
 [][] [][]\T1/phv/m/n/10 6.4 C[]:/ce100-hw2-haluk-kurtulus/ce100-hw1-haluk-kurt
ulus/obj/[]Debug/net6.0/ce100-hw1-haluk-kurtulus.Assembly[] 
 []


Overfull \hbox (32.01804pt too wide) in paragraph at lines 174--174
 [][] [][]\T1/phv/m/n/10 6.5 C[]:/ce100-hw2-haluk-kurtulus/ce100-hw1-haluk-kurt
ulus/obj/[]Debug/net6.0/ce100-hw1-haluk-kurtulus.Global[] 
 []


Overfull \hbox (33.4855pt too wide) in paragraph at lines 174--174
 [][] [][]\T1/phv/m/n/10 6.6 C[]:/ce100-hw2-haluk-kurtulus/ce100-hw2-haluk-kurt
ulus/obj/[]Debug/.NETFramework,Version=v4.8.Assembly[] 
 []


Underfull \hbox (badness 10000) in paragraph at lines 174--174
 [][] [][]\T1/phv/m/n/10 6.11 C[]:/ce100-hw2-haluk-kurtulus/ce100-hw2-test/obj/
[]Debug/net6.0/ce100-hw2-test.Global[]Usings.[]g.[]cs 
 []

[3] [4

]
Package hyperref Info: Option `pageanchor' set `true' on input line 177.

Chapter 1.
LaTeX Font Info:    Font shape `T1/phv/m/n' will be
(Font)              scaled to size 18.66588pt on input line 179.
LaTeX Font Info:    Font shape `T1/phv/b/n' will be
(Font)              scaled to size 18.66588pt on input line 179.
LaTeX Font Info:    Font shape `T1/phv/bc/n' will be
(Font)              scaled to size 18.66588pt on input line 179.
LaTeX Font Info:    Font shape `T1/phv/m/n' will be
(Font)              scaled to size 22.39185pt on input line 179.
LaTeX Font Info:    Font shape `T1/phv/b/n' will be
(Font)              scaled to size 22.39185pt on input line 179.
LaTeX Font Info:    Font shape `T1/phv/bc/n' will be
(Font)              scaled to size 22.39185pt on input line 179.
(namespaces.tex
LaTeX Font Info:    Font shape `T1/phv/b/n' will be
(Font)              scaled to size 12.9599pt on input line 1.
) [1

] [2

]
Chapter 2.
(annotated.tex) [3] [4

]
Chapter 3.
(files.tex
Overfull \hbox (77.00371pt too wide) in paragraph at lines 4--4
 [][] \T1/phv/m/n/10 C[]:/ce100-hw2-haluk-kurtulus/ce100-hw1-haluk-kurtulus/obj
/[]Debug/net6.[]0/[] 
 []


Underfull \hbox (badness 10000) in paragraph at lines 4--4
 []  
 []


Overfull \hbox (46.54845pt too wide) in paragraph at lines 5--5
 [][] \T1/phv/m/n/10 C[]:/ce100-hw2-haluk-kurtulus/ce100-hw1-haluk-kurtulus/obj
/[]Debug/net6.[]0/[] 
 []


Underfull \hbox (badness 10000) in paragraph at lines 5--5
 []  
 []


Overfull \hbox (54.22522pt too wide) in paragraph at lines 6--6
 [][] \T1/phv/m/n/10 C[]:/ce100-hw2-haluk-kurtulus/ce100-hw1-haluk-kurtulus/obj
/[]Debug/net6.[]0/[] 
 []


Underfull \hbox (badness 10000) in paragraph at lines 6--6
 []  
 []


Overfull \hbox (58.65334pt too wide) in paragraph at lines 8--8
 [][] \T1/phv/m/n/10 C[]:/ce100-hw2-haluk-kurtulus/ce100-hw2-haluk-kurtulus/obj
/[]Debug/[] 
 []


Underfull \hbox (badness 10000) in paragraph at lines 8--8
 []  
 []


Overfull \hbox (35.13644pt too wide) in paragraph at lines 12--12
 [][] \T1/phv/m/n/10 C[]:/ce100-hw2-haluk-kurtulus/ce100-hw2-test/obj/[]Debug/n
et6.[]0/[] 
 []


Underfull \hbox (badness 10000) in paragraph at lines 12--12
 []  
 []

) [5] [6

]
Chapter 4.
(d5/df9/a00044.tex
LaTeX Font Info:    Font shape `T1/phv/b/n' will be
(Font)              scaled to size 10.79993pt on input line 3.
LaTeX Font Info:    Trying to load font information for TS1+phv on input line 6
.

(C:\Users\haluk\AppData\Local\Programs\MiKTeX\tex/latex/psnfss\ts1phv.fd
File: ts1phv.fd 2020/03/25 scalable font definitions for TS1/phv.
)
LaTeX Font Info:    Font shape `TS1/phv/m/n' will be
(Font)              scaled to size 8.99994pt on input line 6.
)
(d6/d97/a00045.tex) (d3/dea/a00046.tex) [7] [8

]
Chapter 5.
(da/d24/a00068.tex
LaTeX Font Info:    Font shape `T1/phv/m/n' will be
(Font)              scaled to size 7.19995pt on input line 17.
LaTeX Font Info:    Trying to load font information for T1+pcr on input line 17
.

(C:\Users\haluk\AppData\Local\Programs\MiKTeX\tex/latex/psnfss\t1pcr.fd
File: t1pcr.fd 2001/06/04 font definitions for T1/pcr.
) <./da/d24/a00068_a41be89260c7e5dcb24a9baf7c0e2bf1e_cgraph.pdf

pdfTeX warning: pdflatex (file ./da/d24/a00068_a41be89260c7e5dcb24a9baf7c0e2bf1
e_cgraph.pdf): PDF inclusion: multiple pdfs with page group included in a singl
e page
>
<da/d24/a00068_a41be89260c7e5dcb24a9baf7c0e2bf1e_cgraph.pdf, id=634, 391.4625pt
 x 128.48pt>
File: da/d24/a00068_a41be89260c7e5dcb24a9baf7c0e2bf1e_cgraph.pdf Graphic file (
type pdf)
<use da/d24/a00068_a41be89260c7e5dcb24a9baf7c0e2bf1e_cgraph.pdf>
Package pdftex.def Info: da/d24/a00068_a41be89260c7e5dcb24a9baf7c0e2bf1e_cgraph
.pdf  used on input line 28.
(pdftex.def)             Requested size: 350.0pt x 114.87811pt.
LaTeX Font Info:    Font shape `T1/pcr/m/it' in size <8> not available
(Font)              Font shape `T1/pcr/m/sl' tried instead on input line 35.

Underfull \hbox (badness 4254) in paragraph at lines 43--44
[]\T1/phv/m/n/10 Referenced by [], [],
 []


Overfull \hbox (43.72626pt too wide) in paragraph at lines 43--44
[]\T1/phv/m/n/10 , [],
 []


Overfull \hbox (90.94826pt too wide) in paragraph at lines 43--44
[]\T1/phv/m/n/10 , and []. 
 []

[9] <./da/d24/a00068_a3f0f1f6b33a386e9d6db42e80a02b057_cgraph.pdf>
<da/d24/a00068_a3f0f1f6b33a386e9d6db42e80a02b057_cgraph.pdf, id=659, 217.81375p
t x 128.48pt>
File: da/d24/a00068_a3f0f1f6b33a386e9d6db42e80a02b057_cgraph.pdf Graphic file (
type pdf)
<use da/d24/a00068_a3f0f1f6b33a386e9d6db42e80a02b057_cgraph.pdf>
Package pdftex.def Info: da/d24/a00068_a3f0f1f6b33a386e9d6db42e80a02b057_cgraph
.pdf  used on input line 50.
(pdftex.def)             Requested size: 217.0pt x 127.99936pt.
 <./da/d24/a00068_a3f0f1f6b33a386e9d6db42e80a02b057_icgraph.pdf

pdfTeX warning: pdflatex (file ./da/d24/a00068_a3f0f1f6b33a386e9d6db42e80a02b05
7_icgraph.pdf): PDF inclusion: multiple pdfs with page group included in a sing
le page
>
<da/d24/a00068_a3f0f1f6b33a386e9d6db42e80a02b057_icgraph.pdf, id=667, 452.69125
pt x 303.1325pt>
File: da/d24/a00068_a3f0f1f6b33a386e9d6db42e80a02b057_icgraph.pdf Graphic file 
(type pdf)
<use da/d24/a00068_a3f0f1f6b33a386e9d6db42e80a02b057_icgraph.pdf>
Package pdftex.def Info: da/d24/a00068_a3f0f1f6b33a386e9d6db42e80a02b057_icgrap
h.pdf  used on input line 58.
(pdftex.def)             Requested size: 350.0pt x 234.36559pt.
) (d6/d2c/a00072.tex [10]
Overfull \hbox (125.81375pt too wide) in paragraph at lines 19--20
[]\T1/phv/m/n/10 Referenced by [], [],
 []

 <./d6/d2c/a00072_a66bf4be12498007b2aa8d97a98270adc_icgraph.pdf>
<d6/d2c/a00072_a66bf4be12498007b2aa8d97a98270adc_icgraph.pdf, id=692, 419.5675p
t x 206.7725pt>
File: d6/d2c/a00072_a66bf4be12498007b2aa8d97a98270adc_icgraph.pdf Graphic file 
(type pdf)
<use d6/d2c/a00072_a66bf4be12498007b2aa8d97a98270adc_icgraph.pdf>
Package pdftex.def Info: d6/d2c/a00072_a66bf4be12498007b2aa8d97a98270adc_icgrap
h.pdf  used on input line 26.
(pdftex.def)             Requested size: 350.0pt x 172.48877pt.
)
(db/df8/a00076.tex <./db/db6/a00074.pdf

pdfTeX warning: pdflatex (file ./db/db6/a00074.pdf): PDF inclusion: multiple pd
fs with page group included in a single page
>
<db/db6/a00074.pdf, id=701, 243.91125pt x 165.61874pt>
File: db/db6/a00074.pdf Graphic file (type pdf)
<use db/db6/a00074.pdf>
Package pdftex.def Info: db/db6/a00074.pdf  used on input line 10.
(pdftex.def)             Requested size: 243.0pt x 165.00171pt.
 [11]
Overfull \hbox (78.44792pt too wide) in paragraph at lines 43--44
[]\T1/phv/m/n/10 Referenced by [], and []. 
 []

 <./db/df8/a00076_a1dd002c9a380ee308e51d9a6262dc14f_cgraph.pdf>
<db/df8/a00076_a1dd002c9a380ee308e51d9a6262dc14f_cgraph.pdf, id=727, 223.83624p
t x 128.48pt>
File: db/df8/a00076_a1dd002c9a380ee308e51d9a6262dc14f_cgraph.pdf Graphic file (
type pdf)
<use db/df8/a00076_a1dd002c9a380ee308e51d9a6262dc14f_cgraph.pdf>
Package pdftex.def Info: db/df8/a00076_a1dd002c9a380ee308e51d9a6262dc14f_cgraph
.pdf  used on input line 50.
(pdftex.def)             Requested size: 223.0pt x 128.00328pt.
 [12] <./db/df8/a00076_a1dd002c9a380ee308e51d9a6262dc14f_icgraph.pdf>
<db/df8/a00076_a1dd002c9a380ee308e51d9a6262dc14f_icgraph.pdf, id=747, 607.26875
pt x 266.9975pt>
File: db/df8/a00076_a1dd002c9a380ee308e51d9a6262dc14f_icgraph.pdf Graphic file 
(type pdf)
<use db/df8/a00076_a1dd002c9a380ee308e51d9a6262dc14f_icgraph.pdf>
Package pdftex.def Info: db/df8/a00076_a1dd002c9a380ee308e51d9a6262dc14f_icgrap
h.pdf  used on input line 58.
(pdftex.def)             Requested size: 350.0pt x 153.88495pt.

Overfull \hbox (195.42749pt too wide) in paragraph at lines 73--74
[]\T1/phv/m/n/10 Referenced by [], [],
 []


Overfull \hbox (55.46213pt too wide) in paragraph at lines 73--74
[]\T1/phv/m/n/10 , and []. 
 []

 <./db/df8/a00076_a80eae300db972065f160d7ff35069f33_cgraph.pdf

pdfTeX warning: pdflatex (file ./db/df8/a00076_a80eae300db972065f160d7ff35069f3
3_cgraph.pdf): PDF inclusion: multiple pdfs with page group included in a singl
e page
>
<db/df8/a00076_a80eae300db972065f160d7ff35069f33_cgraph.pdf, id=760, 397.485pt 
x 128.48pt>
File: db/df8/a00076_a80eae300db972065f160d7ff35069f33_cgraph.pdf Graphic file (
type pdf)
<use db/df8/a00076_a80eae300db972065f160d7ff35069f33_cgraph.pdf>
Package pdftex.def Info: db/df8/a00076_a80eae300db972065f160d7ff35069f33_cgraph
.pdf  used on input line 80.
(pdftex.def)             Requested size: 350.0pt x 113.13527pt.
 <./db/df8/a00076_a80eae300db972065f160d7ff35069f33_icgraph.pdf

pdfTeX warning: pdflatex (file ./db/df8/a00076_a80eae300db972065f160d7ff35069f3
3_icgraph.pdf): PDF inclusion: multiple pdfs with page group included in a sing
le page
>
<db/df8/a00076_a80eae300db972065f160d7ff35069f33_icgraph.pdf, id=768, 427.5975p
t x 266.9975pt>
File: db/df8/a00076_a80eae300db972065f160d7ff35069f33_icgraph.pdf Graphic file 
(type pdf)
<use db/df8/a00076_a80eae300db972065f160d7ff35069f33_icgraph.pdf>
Package pdftex.def Info: db/df8/a00076_a80eae300db972065f160d7ff35069f33_icgrap
h.pdf  used on input line 88.
(pdftex.def)             Requested size: 350.0pt x 218.54416pt.
 [13]) (df/d5f/a00064.tex [14] <./df/d5f/a00064_aaf400c98ffe8a2473020ccf5d3f3d9
03_cgraph.pdf>
<df/d5f/a00064_aaf400c98ffe8a2473020ccf5d3f3d903_cgraph.pdf, id=810, 217.81375p
t x 128.48pt>
File: df/d5f/a00064_aaf400c98ffe8a2473020ccf5d3f3d903_cgraph.pdf Graphic file (
type pdf)
<use df/d5f/a00064_aaf400c98ffe8a2473020ccf5d3f3d903_cgraph.pdf>
Package pdftex.def Info: df/d5f/a00064_aaf400c98ffe8a2473020ccf5d3f3d903_cgraph
.pdf  used on input line 45.
(pdftex.def)             Requested size: 217.0pt x 127.99936pt.
 <./df/d5f/a00064_aaf400c98ffe8a2473020ccf5d3f3d903_icgraph.pdf

pdfTeX warning: pdflatex (file ./df/d5f/a00064_aaf400c98ffe8a2473020ccf5d3f3d90
3_icgraph.pdf): PDF inclusion: multiple pdfs with page group included in a sing
le page
>
<df/d5f/a00064_aaf400c98ffe8a2473020ccf5d3f3d903_icgraph.pdf, id=818, 596.2275p
t x 659.46375pt>
File: df/d5f/a00064_aaf400c98ffe8a2473020ccf5d3f3d903_icgraph.pdf Graphic file 
(type pdf)
<use df/d5f/a00064_aaf400c98ffe8a2473020ccf5d3f3d903_icgraph.pdf>
Package pdftex.def Info: df/d5f/a00064_aaf400c98ffe8a2473020ccf5d3f3d903_icgrap
h.pdf  used on input line 53.
(pdftex.def)             Requested size: 350.0pt x 387.11803pt.
 [15] <./df/d5f/a00064_a6015cfa5c015b07a06c69eb832e3603a_cgraph.pdf>
<df/d5f/a00064_a6015cfa5c015b07a06c69eb832e3603a_cgraph.pdf, id=836, 565.11125p
t x 158.5925pt>
File: df/d5f/a00064_a6015cfa5c015b07a06c69eb832e3603a_cgraph.pdf Graphic file (
type pdf)
<use df/d5f/a00064_a6015cfa5c015b07a06c69eb832e3603a_cgraph.pdf>
Package pdftex.def Info: df/d5f/a00064_a6015cfa5c015b07a06c69eb832e3603a_cgraph
.pdf  used on input line 71.
(pdftex.def)             Requested size: 350.0pt x 98.22467pt.
 [16] <./df/d5f/a00064_a3032703149b9538f71ee41cc42ebadc6_icgraph.pdf>
<df/d5f/a00064_a3032703149b9538f71ee41cc42ebadc6_icgraph.pdf, id=852, 391.4625p
t x 110.4125pt>
File: df/d5f/a00064_a3032703149b9538f71ee41cc42ebadc6_icgraph.pdf Graphic file 
(type pdf)
<use df/d5f/a00064_a3032703149b9538f71ee41cc42ebadc6_icgraph.pdf>
Package pdftex.def Info: df/d5f/a00064_a3032703149b9538f71ee41cc42ebadc6_icgrap
h.pdf  used on input line 89.
(pdftex.def)             Requested size: 350.0pt x 98.72337pt.

Underfull \hbox (badness 4132) in paragraph at lines 104--105
[]\T1/phv/m/n/10 Referenced by [], [],
 []


Overfull \hbox (135.9474pt too wide) in paragraph at lines 104--105
[]\T1/phv/m/n/10 , [],
 []


Overfull \hbox (186.35551pt too wide) in paragraph at lines 104--105
[]\T1/phv/m/n/10 , [],
 []


Overfull \hbox (255.74417pt too wide) in paragraph at lines 104--105
[]\T1/phv/m/n/10 , [],
 []

 <./df/d5f/a00064_ab8c85ec6aab4228547f385a3d3b89a2c_cgraph.pdf

pdfTeX warning: pdflatex (file ./df/d5f/a00064_ab8c85ec6aab4228547f385a3d3b89a2
c_cgraph.pdf): PDF inclusion: multiple pdfs with page group included in a singl
e page
>
<df/d5f/a00064_ab8c85ec6aab4228547f385a3d3b89a2c_cgraph.pdf, id=872, 391.4625pt
 x 128.48pt>
File: df/d5f/a00064_ab8c85ec6aab4228547f385a3d3b89a2c_cgraph.pdf Graphic file (
type pdf)
<use df/d5f/a00064_ab8c85ec6aab4228547f385a3d3b89a2c_cgraph.pdf>
Package pdftex.def Info: df/d5f/a00064_ab8c85ec6aab4228547f385a3d3b89a2c_cgraph
.pdf  used on input line 111.
(pdftex.def)             Requested size: 350.0pt x 114.87811pt.
 <./df/d5f/a00064_ab8c85ec6aab4228547f385a3d3b89a2c_icgraph.pdf

pdfTeX warning: pdflatex (file ./df/d5f/a00064_ab8c85ec6aab4228547f385a3d3b89a2
c_icgraph.pdf): PDF inclusion: multiple pdfs with page group included in a sing
le page
>
<df/d5f/a00064_ab8c85ec6aab4228547f385a3d3b89a2c_icgraph.pdf, id=880, 422.57875
pt x 659.46375pt>
File: df/d5f/a00064_ab8c85ec6aab4228547f385a3d3b89a2c_icgraph.pdf Graphic file 
(type pdf)
<use df/d5f/a00064_ab8c85ec6aab4228547f385a3d3b89a2c_icgraph.pdf>
Package pdftex.def Info: df/d5f/a00064_ab8c85ec6aab4228547f385a3d3b89a2c_icgrap
h.pdf  used on input line 119.
(pdftex.def)             Requested size: 350.0pt x 546.2177pt.
 [17]) (d1/dd6/a00108.tex [18] <./d1/dd6/a00108_aa309f48c6f0b00149890dbf3a5ee14
20_cgraph.pdf>
<d1/dd6/a00108_aa309f48c6f0b00149890dbf3a5ee1420_cgraph.pdf, id=931, 406.51875p
t x 110.4125pt>
File: d1/dd6/a00108_aa309f48c6f0b00149890dbf3a5ee1420_cgraph.pdf Graphic file (
type pdf)
<use d1/dd6/a00108_aa309f48c6f0b00149890dbf3a5ee1420_cgraph.pdf>
Package pdftex.def Info: d1/dd6/a00108_aa309f48c6f0b00149890dbf3a5ee1420_cgraph
.pdf  used on input line 60.
(pdftex.def)             Requested size: 350.0pt x 95.06577pt.
 <./d1/dd6/a00108_a9a0216fd0e907be839e78ed48afc35e1_cgraph.pdf

pdfTeX warning: pdflatex (file ./d1/dd6/a00108_a9a0216fd0e907be839e78ed48afc35e
1_cgraph.pdf): PDF inclusion: multiple pdfs with page group included in a singl
e page
>
<d1/dd6/a00108_a9a0216fd0e907be839e78ed48afc35e1_cgraph.pdf, id=940, 586.19pt x
 134.5025pt>
File: d1/dd6/a00108_a9a0216fd0e907be839e78ed48afc35e1_cgraph.pdf Graphic file (
type pdf)
<use d1/dd6/a00108_a9a0216fd0e907be839e78ed48afc35e1_cgraph.pdf>
Package pdftex.def Info: d1/dd6/a00108_a9a0216fd0e907be839e78ed48afc35e1_cgraph
.pdf  used on input line 78.
(pdftex.def)             Requested size: 350.0pt x 80.30806pt.
 [19] <./d1/dd6/a00108_a384ab22a27a30411908979e03adf1b93_cgraph.pdf>
<d1/dd6/a00108_a384ab22a27a30411908979e03adf1b93_cgraph.pdf, id=963, 580.1675pt
 x 128.48pt>
File: d1/dd6/a00108_a384ab22a27a30411908979e03adf1b93_cgraph.pdf Graphic file (
type pdf)
<use d1/dd6/a00108_a384ab22a27a30411908979e03adf1b93_cgraph.pdf>
Package pdftex.def Info: d1/dd6/a00108_a384ab22a27a30411908979e03adf1b93_cgraph
.pdf  used on input line 96.
(pdftex.def)             Requested size: 350.0pt x 77.50812pt.
 <./d1/dd6/a00108_aab75a9253f95148d310fe119c16ecd3b_cgraph.pdf

pdfTeX warning: pdflatex (file ./d1/dd6/a00108_aab75a9253f95148d310fe119c16ecd3
b_cgraph.pdf): PDF inclusion: multiple pdfs with page group included in a singl
e page
>
<d1/dd6/a00108_aab75a9253f95148d310fe119c16ecd3b_cgraph.pdf, id=972, 580.1675pt
 x 128.48pt>
File: d1/dd6/a00108_aab75a9253f95148d310fe119c16ecd3b_cgraph.pdf Graphic file (
type pdf)
<use d1/dd6/a00108_aab75a9253f95148d310fe119c16ecd3b_cgraph.pdf>
Package pdftex.def Info: d1/dd6/a00108_aab75a9253f95148d310fe119c16ecd3b_cgraph
.pdf  used on input line 114.
(pdftex.def)             Requested size: 350.0pt x 77.50812pt.
 <./d1/dd6/a00108_aa052ab5ad93e2ca814a5260a424222ec_cgraph.pdf

pdfTeX warning: pdflatex (file ./d1/dd6/a00108_aa052ab5ad93e2ca814a5260a424222e
c_cgraph.pdf): PDF inclusion: multiple pdfs with page group included in a singl
e page
>
<d1/dd6/a00108_aa052ab5ad93e2ca814a5260a424222ec_cgraph.pdf, id=981, 580.1675pt
 x 128.48pt>
File: d1/dd6/a00108_aa052ab5ad93e2ca814a5260a424222ec_cgraph.pdf Graphic file (
type pdf)
<use d1/dd6/a00108_aa052ab5ad93e2ca814a5260a424222ec_cgraph.pdf>
Package pdftex.def Info: d1/dd6/a00108_aa052ab5ad93e2ca814a5260a424222ec_cgraph
.pdf  used on input line 132.
(pdftex.def)             Requested size: 350.0pt x 77.50812pt.
 [20] <./d1/dd6/a00108_a1d03d6455fa4ebf234587bf3ba5c126f_cgraph.pdf>
<d1/dd6/a00108_a1d03d6455fa4ebf234587bf3ba5c126f_cgraph.pdf, id=998, 580.1675pt
 x 128.48pt>
File: d1/dd6/a00108_a1d03d6455fa4ebf234587bf3ba5c126f_cgraph.pdf Graphic file (
type pdf)
<use d1/dd6/a00108_a1d03d6455fa4ebf234587bf3ba5c126f_cgraph.pdf>
Package pdftex.def Info: d1/dd6/a00108_a1d03d6455fa4ebf234587bf3ba5c126f_cgraph
.pdf  used on input line 150.
(pdftex.def)             Requested size: 350.0pt x 77.50812pt.
 <./d1/dd6/a00108_a115a7ca6a220de2253791166874eac5b_cgraph.pdf

pdfTeX warning: pdflatex (file ./d1/dd6/a00108_a115a7ca6a220de2253791166874eac5
b_cgraph.pdf): PDF inclusion: multiple pdfs with page group included in a singl
e page
>
<d1/dd6/a00108_a115a7ca6a220de2253791166874eac5b_cgraph.pdf, id=1007, 580.1675p
t x 128.48pt>
File: d1/dd6/a00108_a115a7ca6a220de2253791166874eac5b_cgraph.pdf Graphic file (
type pdf)
<use d1/dd6/a00108_a115a7ca6a220de2253791166874eac5b_cgraph.pdf>
Package pdftex.def Info: d1/dd6/a00108_a115a7ca6a220de2253791166874eac5b_cgraph
.pdf  used on input line 168.
(pdftex.def)             Requested size: 350.0pt x 77.50812pt.
 <./d1/dd6/a00108_a1896c76c565e7f3ba229f8d28089ba28_cgraph.pdf

pdfTeX warning: pdflatex (file ./d1/dd6/a00108_a1896c76c565e7f3ba229f8d28089ba2
8_cgraph.pdf): PDF inclusion: multiple pdfs with page group included in a singl
e page
>
<d1/dd6/a00108_a1896c76c565e7f3ba229f8d28089ba28_cgraph.pdf, id=1016, 580.1675p
t x 128.48pt>
File: d1/dd6/a00108_a1896c76c565e7f3ba229f8d28089ba28_cgraph.pdf Graphic file (
type pdf)
<use d1/dd6/a00108_a1896c76c565e7f3ba229f8d28089ba28_cgraph.pdf>
Package pdftex.def Info: d1/dd6/a00108_a1896c76c565e7f3ba229f8d28089ba28_cgraph
.pdf  used on input line 186.
(pdftex.def)             Requested size: 350.0pt x 77.50812pt.
 [21] <./d1/dd6/a00108_a4f9c273f3675f27a822e0675aea95787_cgraph.pdf>
<d1/dd6/a00108_a4f9c273f3675f27a822e0675aea95787_cgraph.pdf, id=1034, 580.1675p
t x 128.48pt>
File: d1/dd6/a00108_a4f9c273f3675f27a822e0675aea95787_cgraph.pdf Graphic file (
type pdf)
<use d1/dd6/a00108_a4f9c273f3675f27a822e0675aea95787_cgraph.pdf>
Package pdftex.def Info: d1/dd6/a00108_a4f9c273f3675f27a822e0675aea95787_cgraph
.pdf  used on input line 204.
(pdftex.def)             Requested size: 350.0pt x 77.50812pt.
 <./d1/dd6/a00108_a4ecc95863b65ab39ad00dffd99fd2f91_cgraph.pdf

pdfTeX warning: pdflatex (file ./d1/dd6/a00108_a4ecc95863b65ab39ad00dffd99fd2f9
1_cgraph.pdf): PDF inclusion: multiple pdfs with page group included in a singl
e page
>
<d1/dd6/a00108_a4ecc95863b65ab39ad00dffd99fd2f91_cgraph.pdf, id=1043, 580.1675p
t x 128.48pt>
File: d1/dd6/a00108_a4ecc95863b65ab39ad00dffd99fd2f91_cgraph.pdf Graphic file (
type pdf)
<use d1/dd6/a00108_a4ecc95863b65ab39ad00dffd99fd2f91_cgraph.pdf>
Package pdftex.def Info: d1/dd6/a00108_a4ecc95863b65ab39ad00dffd99fd2f91_cgraph
.pdf  used on input line 222.
(pdftex.def)             Requested size: 350.0pt x 77.50812pt.
 <./d1/dd6/a00108_aa8bf887ff0941467cbd19f01a56d25f5_cgraph.pdf

pdfTeX warning: pdflatex (file ./d1/dd6/a00108_aa8bf887ff0941467cbd19f01a56d25f
5_cgraph.pdf): PDF inclusion: multiple pdfs with page group included in a singl
e page
>
<d1/dd6/a00108_aa8bf887ff0941467cbd19f01a56d25f5_cgraph.pdf, id=1052, 580.1675p
t x 128.48pt>
File: d1/dd6/a00108_aa8bf887ff0941467cbd19f01a56d25f5_cgraph.pdf Graphic file (
type pdf)
<use d1/dd6/a00108_aa8bf887ff0941467cbd19f01a56d25f5_cgraph.pdf>
Package pdftex.def Info: d1/dd6/a00108_aa8bf887ff0941467cbd19f01a56d25f5_cgraph
.pdf  used on input line 240.
(pdftex.def)             Requested size: 350.0pt x 77.50812pt.
 [22] <./d1/dd6/a00108_a787ddedc2f14784718cfc715e456e6a0_cgraph.pdf>
<d1/dd6/a00108_a787ddedc2f14784718cfc715e456e6a0_cgraph.pdf, id=1070, 452.69125
pt x 128.48pt>
File: d1/dd6/a00108_a787ddedc2f14784718cfc715e456e6a0_cgraph.pdf Graphic file (
type pdf)
<use d1/dd6/a00108_a787ddedc2f14784718cfc715e456e6a0_cgraph.pdf>
Package pdftex.def Info: d1/dd6/a00108_a787ddedc2f14784718cfc715e456e6a0_cgraph
.pdf  used on input line 258.
(pdftex.def)             Requested size: 350.0pt x 99.33374pt.
 <./d1/dd6/a00108_a98837d390d02a806d97e8c810d73146a_cgraph.pdf

pdfTeX warning: pdflatex (file ./d1/dd6/a00108_a98837d390d02a806d97e8c810d73146
a_cgraph.pdf): PDF inclusion: multiple pdfs with page group included in a singl
e page
>
<d1/dd6/a00108_a98837d390d02a806d97e8c810d73146a_cgraph.pdf, id=1079, 607.26875
pt x 128.48pt>
File: d1/dd6/a00108_a98837d390d02a806d97e8c810d73146a_cgraph.pdf Graphic file (
type pdf)
<use d1/dd6/a00108_a98837d390d02a806d97e8c810d73146a_cgraph.pdf>
Package pdftex.def Info: d1/dd6/a00108_a98837d390d02a806d97e8c810d73146a_cgraph
.pdf  used on input line 276.
(pdftex.def)             Requested size: 350.0pt x 74.0499pt.
 [23] <./d1/dd6/a00108_a3c01bcc6b530bbcc7c1e1adb96db5eab_cgraph.pdf>
<d1/dd6/a00108_a3c01bcc6b530bbcc7c1e1adb96db5eab_cgraph.pdf, id=1096, 413.545pt
 x 128.48pt>
File: d1/dd6/a00108_a3c01bcc6b530bbcc7c1e1adb96db5eab_cgraph.pdf Graphic file (
type pdf)
<use d1/dd6/a00108_a3c01bcc6b530bbcc7c1e1adb96db5eab_cgraph.pdf>
Package pdftex.def Info: d1/dd6/a00108_a3c01bcc6b530bbcc7c1e1adb96db5eab_cgraph
.pdf  used on input line 294.
(pdftex.def)             Requested size: 350.0pt x 108.73996pt.
 <./d1/dd6/a00108_a7029f4d630c9598448fbba1c268a1d57_cgraph.pdf

pdfTeX warning: pdflatex (file ./d1/dd6/a00108_a7029f4d630c9598448fbba1c268a1d5
7_cgraph.pdf): PDF inclusion: multiple pdfs with page group included in a singl
e page
>
<d1/dd6/a00108_a7029f4d630c9598448fbba1c268a1d57_cgraph.pdf, id=1105, 419.5675p
t x 110.4125pt>
File: d1/dd6/a00108_a7029f4d630c9598448fbba1c268a1d57_cgraph.pdf Graphic file (
type pdf)
<use d1/dd6/a00108_a7029f4d630c9598448fbba1c268a1d57_cgraph.pdf>
Package pdftex.def Info: d1/dd6/a00108_a7029f4d630c9598448fbba1c268a1d57_cgraph
.pdf  used on input line 312.
(pdftex.def)             Requested size: 350.0pt x 92.10564pt.
 <./d1/dd6/a00108_a8d7e18215a4b9a3844663166ec544eaf_cgraph.pdf

pdfTeX warning: pdflatex (file ./d1/dd6/a00108_a8d7e18215a4b9a3844663166ec544ea
f_cgraph.pdf): PDF inclusion: multiple pdfs with page group included in a singl
e page
>
<d1/dd6/a00108_a8d7e18215a4b9a3844663166ec544eaf_cgraph.pdf, id=1114, 419.5675p
t x 110.4125pt>
File: d1/dd6/a00108_a8d7e18215a4b9a3844663166ec544eaf_cgraph.pdf Graphic file (
type pdf)
<use d1/dd6/a00108_a8d7e18215a4b9a3844663166ec544eaf_cgraph.pdf>
Package pdftex.def Info: d1/dd6/a00108_a8d7e18215a4b9a3844663166ec544eaf_cgraph
.pdf  used on input line 330.
(pdftex.def)             Requested size: 350.0pt x 92.10564pt.
 [24] <./d1/dd6/a00108_afe3797283b22f4794b8c77a4c633a8a0_cgraph.pdf>
<d1/dd6/a00108_afe3797283b22f4794b8c77a4c633a8a0_cgraph.pdf, id=1131, 409.53pt 
x 128.48pt>
File: d1/dd6/a00108_afe3797283b22f4794b8c77a4c633a8a0_cgraph.pdf Graphic file (
type pdf)
<use d1/dd6/a00108_afe3797283b22f4794b8c77a4c633a8a0_cgraph.pdf>
Package pdftex.def Info: d1/dd6/a00108_afe3797283b22f4794b8c77a4c633a8a0_cgraph
.pdf  used on input line 348.
(pdftex.def)             Requested size: 350.0pt x 109.81036pt.
 <./d1/dd6/a00108_ae025b015f8c0bcdba9ce1291eb3f9bd3_cgraph.pdf

pdfTeX warning: pdflatex (file ./d1/dd6/a00108_ae025b015f8c0bcdba9ce1291eb3f9bd
3_cgraph.pdf): PDF inclusion: multiple pdfs with page group included in a singl
e page
>
<d1/dd6/a00108_ae025b015f8c0bcdba9ce1291eb3f9bd3_cgraph.pdf, id=1140, 586.19pt 
x 128.48pt>
File: d1/dd6/a00108_ae025b015f8c0bcdba9ce1291eb3f9bd3_cgraph.pdf Graphic file (
type pdf)
<use d1/dd6/a00108_ae025b015f8c0bcdba9ce1291eb3f9bd3_cgraph.pdf>
Package pdftex.def Info: d1/dd6/a00108_ae025b015f8c0bcdba9ce1291eb3f9bd3_cgraph
.pdf  used on input line 366.
(pdftex.def)             Requested size: 350.0pt x 76.71217pt.
) (db/ddf/a00088.tex [25] <./db/ddf/a00088_acae182717721d34401a87c8adcbf30eb_cg
raph.pdf>
<db/ddf/a00088_acae182717721d34401a87c8adcbf30eb_cgraph.pdf, id=1166, 596.2275p
t x 128.48pt>
File: db/ddf/a00088_acae182717721d34401a87c8adcbf30eb_cgraph.pdf Graphic file (
type pdf)
<use db/ddf/a00088_acae182717721d34401a87c8adcbf30eb_cgraph.pdf>
Package pdftex.def Info: db/ddf/a00088_acae182717721d34401a87c8adcbf30eb_cgraph
.pdf  used on input line 38.
(pdftex.def)             Requested size: 350.0pt x 75.42024pt.
 <./db/ddf/a00088_a0e20626d2242704864b0aa087bc09c33_cgraph.pdf

pdfTeX warning: pdflatex (file ./db/ddf/a00088_a0e20626d2242704864b0aa087bc09c3
3_cgraph.pdf): PDF inclusion: multiple pdfs with page group included in a singl
e page
>
<db/ddf/a00088_a0e20626d2242704864b0aa087bc09c33_cgraph.pdf, id=1175, 596.2275p
t x 134.5025pt>
File: db/ddf/a00088_a0e20626d2242704864b0aa087bc09c33_cgraph.pdf Graphic file (
type pdf)
<use db/ddf/a00088_a0e20626d2242704864b0aa087bc09c33_cgraph.pdf>
Package pdftex.def Info: db/ddf/a00088_a0e20626d2242704864b0aa087bc09c33_cgraph
.pdf  used on input line 56.
(pdftex.def)             Requested size: 350.0pt x 78.95557pt.
 <./db/ddf/a00088_adce81e3e4eaf518501f2e05de4cd920c_cgraph.pdf

pdfTeX warning: pdflatex (file ./db/ddf/a00088_adce81e3e4eaf518501f2e05de4cd920
c_cgraph.pdf): PDF inclusion: multiple pdfs with page group included in a singl
e page
>
<db/ddf/a00088_adce81e3e4eaf518501f2e05de4cd920c_cgraph.pdf, id=1184, 596.2275p
t x 134.5025pt>
File: db/ddf/a00088_adce81e3e4eaf518501f2e05de4cd920c_cgraph.pdf Graphic file (
type pdf)
<use db/ddf/a00088_adce81e3e4eaf518501f2e05de4cd920c_cgraph.pdf>
Package pdftex.def Info: db/ddf/a00088_adce81e3e4eaf518501f2e05de4cd920c_cgraph
.pdf  used on input line 74.
(pdftex.def)             Requested size: 350.0pt x 78.95557pt.
 [26] <./db/ddf/a00088_a46c1d577302a78ea7a1b731583e870c7_cgraph.pdf>
<db/ddf/a00088_a46c1d577302a78ea7a1b731583e870c7_cgraph.pdf, id=1201, 596.2275p
t x 134.5025pt>
File: db/ddf/a00088_a46c1d577302a78ea7a1b731583e870c7_cgraph.pdf Graphic file (
type pdf)
<use db/ddf/a00088_a46c1d577302a78ea7a1b731583e870c7_cgraph.pdf>
Package pdftex.def Info: db/ddf/a00088_a46c1d577302a78ea7a1b731583e870c7_cgraph
.pdf  used on input line 92.
(pdftex.def)             Requested size: 350.0pt x 78.95557pt.
 <./db/ddf/a00088_a075321a6a7c07af20a8ee3d74b0817f3_cgraph.pdf

pdfTeX warning: pdflatex (file ./db/ddf/a00088_a075321a6a7c07af20a8ee3d74b0817f
3_cgraph.pdf): PDF inclusion: multiple pdfs with page group included in a singl
e page
>
<db/ddf/a00088_a075321a6a7c07af20a8ee3d74b0817f3_cgraph.pdf, id=1210, 596.2275p
t x 134.5025pt>
File: db/ddf/a00088_a075321a6a7c07af20a8ee3d74b0817f3_cgraph.pdf Graphic file (
type pdf)
<use db/ddf/a00088_a075321a6a7c07af20a8ee3d74b0817f3_cgraph.pdf>
Package pdftex.def Info: db/ddf/a00088_a075321a6a7c07af20a8ee3d74b0817f3_cgraph
.pdf  used on input line 110.
(pdftex.def)             Requested size: 350.0pt x 78.95557pt.
 <./db/ddf/a00088_a38c27e5a08892ae5743477dcf8f4fc9c_cgraph.pdf

pdfTeX warning: pdflatex (file ./db/ddf/a00088_a38c27e5a08892ae5743477dcf8f4fc9
c_cgraph.pdf): PDF inclusion: multiple pdfs with page group included in a singl
e page
>
<db/ddf/a00088_a38c27e5a08892ae5743477dcf8f4fc9c_cgraph.pdf, id=1219, 596.2275p
t x 134.5025pt>
File: db/ddf/a00088_a38c27e5a08892ae5743477dcf8f4fc9c_cgraph.pdf Graphic file (
type pdf)
<use db/ddf/a00088_a38c27e5a08892ae5743477dcf8f4fc9c_cgraph.pdf>
Package pdftex.def Info: db/ddf/a00088_a38c27e5a08892ae5743477dcf8f4fc9c_cgraph
.pdf  used on input line 128.
(pdftex.def)             Requested size: 350.0pt x 78.95557pt.
 <./db/ddf/a00088_a36d813abec214a123edd9d91f1514907_cgraph.pdf

pdfTeX warning: pdflatex (file ./db/ddf/a00088_a36d813abec214a123edd9d91f151490
7_cgraph.pdf): PDF inclusion: multiple pdfs with page group included in a singl
e page
>
<db/ddf/a00088_a36d813abec214a123edd9d91f1514907_cgraph.pdf, id=1228, 596.2275p
t x 134.5025pt>
File: db/ddf/a00088_a36d813abec214a123edd9d91f1514907_cgraph.pdf Graphic file (
type pdf)
<use db/ddf/a00088_a36d813abec214a123edd9d91f1514907_cgraph.pdf>
Package pdftex.def Info: db/ddf/a00088_a36d813abec214a123edd9d91f1514907_cgraph
.pdf  used on input line 146.
(pdftex.def)             Requested size: 350.0pt x 78.95557pt.
 [27]) (df/d5d/a00084.tex
Overfull \hbox (53.86095pt too wide) in paragraph at lines 28--29
[]\T1/phv/m/n/10 Referenced by [], [],
 []


Overfull \hbox (178.59126pt too wide) in paragraph at lines 28--29
[]\T1/phv/m/n/10 , [], and []. 
 []

 <./df/d5d/a00084_a88186ac03f04d78f85edee2ee1b70cb7_cgraph.pdf>
<df/d5d/a00084_a88186ac03f04d78f85edee2ee1b70cb7_cgraph.pdf, id=1254, 391.4625p
t x 128.48pt>
File: df/d5d/a00084_a88186ac03f04d78f85edee2ee1b70cb7_cgraph.pdf Graphic file (
type pdf)
<use df/d5d/a00084_a88186ac03f04d78f85edee2ee1b70cb7_cgraph.pdf>
Package pdftex.def Info: df/d5d/a00084_a88186ac03f04d78f85edee2ee1b70cb7_cgraph
.pdf  used on input line 35.
(pdftex.def)             Requested size: 350.0pt x 114.87811pt.
 [28] <./df/d5d/a00084_a88186ac03f04d78f85edee2ee1b70cb7_icgraph.pdf>
<df/d5d/a00084_a88186ac03f04d78f85edee2ee1b70cb7_icgraph.pdf, id=1272, 415.5525
pt x 244.915pt>
File: df/d5d/a00084_a88186ac03f04d78f85edee2ee1b70cb7_icgraph.pdf Graphic file 
(type pdf)
<use df/d5d/a00084_a88186ac03f04d78f85edee2ee1b70cb7_icgraph.pdf>
Package pdftex.def Info: df/d5d/a00084_a88186ac03f04d78f85edee2ee1b70cb7_icgrap
h.pdf  used on input line 43.
(pdftex.def)             Requested size: 350.0pt x 206.28773pt.
 <./df/d5d/a00084_a37d0e00745ff3229e13c0a1c0ae87c3c_icgraph.pdf

pdfTeX warning: pdflatex (file ./df/d5d/a00084_a37d0e00745ff3229e13c0a1c0ae87c3
c_icgraph.pdf): PDF inclusion: multiple pdfs with page group included in a sing
le page
>
<df/d5d/a00084_a37d0e00745ff3229e13c0a1c0ae87c3c_icgraph.pdf, id=1281, 589.2012
5pt x 244.915pt>
File: df/d5d/a00084_a37d0e00745ff3229e13c0a1c0ae87c3c_icgraph.pdf Graphic file 
(type pdf)
<use df/d5d/a00084_a37d0e00745ff3229e13c0a1c0ae87c3c_icgraph.pdf>
Package pdftex.def Info: df/d5d/a00084_a37d0e00745ff3229e13c0a1c0ae87c3c_icgrap
h.pdf  used on input line 61.
(pdftex.def)             Requested size: 350.0pt x 145.48517pt.
 [29]) (d0/dc2/a00104.tex <./d0/dc2/a00104_a7c3d95b47766db7929043828ccdfd3d0_cg
raph.pdf>
<d0/dc2/a00104_a7c3d95b47766db7929043828ccdfd3d0_cgraph.pdf, id=1299, 589.20125
pt x 128.48pt>
File: d0/dc2/a00104_a7c3d95b47766db7929043828ccdfd3d0_cgraph.pdf Graphic file (
type pdf)
<use d0/dc2/a00104_a7c3d95b47766db7929043828ccdfd3d0_cgraph.pdf>
Package pdftex.def Info: d0/dc2/a00104_a7c3d95b47766db7929043828ccdfd3d0_cgraph
.pdf  used on input line 26.
(pdftex.def)             Requested size: 350.0pt x 76.32008pt.
) (da/dec/a00080.tex [30] <./da/dec/a00080_aa7d17653aaaa8b7c1d1216b51b2f5bc7_cg
raph.pdf>
<da/dec/a00080_aa7d17653aaaa8b7c1d1216b51b2f5bc7_cgraph.pdf, id=1327, 391.4625p
t x 128.48pt>
File: da/dec/a00080_aa7d17653aaaa8b7c1d1216b51b2f5bc7_cgraph.pdf Graphic file (
type pdf)
<use da/dec/a00080_aa7d17653aaaa8b7c1d1216b51b2f5bc7_cgraph.pdf>
Package pdftex.def Info: da/dec/a00080_aa7d17653aaaa8b7c1d1216b51b2f5bc7_cgraph
.pdf  used on input line 34.
(pdftex.def)             Requested size: 350.0pt x 114.87811pt.
 <./da/dec/a00080_aa7d17653aaaa8b7c1d1216b51b2f5bc7_icgraph.pdf

pdfTeX warning: pdflatex (file ./da/dec/a00080_aa7d17653aaaa8b7c1d1216b51b2f5bc
7_icgraph.pdf): PDF inclusion: multiple pdfs with page group included in a sing
le page
>
<da/dec/a00080_aa7d17653aaaa8b7c1d1216b51b2f5bc7_icgraph.pdf, id=1335, 406.5187
5pt x 293.095pt>
File: da/dec/a00080_aa7d17653aaaa8b7c1d1216b51b2f5bc7_icgraph.pdf Graphic file 
(type pdf)
<use da/dec/a00080_aa7d17653aaaa8b7c1d1216b51b2f5bc7_icgraph.pdf>
Package pdftex.def Info: da/dec/a00080_aa7d17653aaaa8b7c1d1216b51b2f5bc7_icgrap
h.pdf  used on input line 42.
(pdftex.def)             Requested size: 350.0pt x 252.35641pt.
 [31] <./da/dec/a00080_a1880753ae63a1aafdd4d8a0e02716fb9_cgraph.pdf>
<da/dec/a00080_a1880753ae63a1aafdd4d8a0e02716fb9_cgraph.pdf, id=1355, 565.11125
pt x 128.48pt>
File: da/dec/a00080_a1880753ae63a1aafdd4d8a0e02716fb9_cgraph.pdf Graphic file (
type pdf)
<use da/dec/a00080_a1880753ae63a1aafdd4d8a0e02716fb9_cgraph.pdf>
Package pdftex.def Info: da/dec/a00080_a1880753ae63a1aafdd4d8a0e02716fb9_cgraph
.pdf  used on input line 60.
(pdftex.def)             Requested size: 350.0pt x 79.57443pt.
 <./da/dec/a00080_a40caa62cd742993d2bef9f0612edf5d6_icgraph.pdf

pdfTeX warning: pdflatex (file ./da/dec/a00080_a40caa62cd742993d2bef9f0612edf5d
6_icgraph.pdf): PDF inclusion: multiple pdfs with page group included in a sing
le page
>
<da/dec/a00080_a40caa62cd742993d2bef9f0612edf5d6_icgraph.pdf, id=1364, 580.1675
pt x 293.095pt>
File: da/dec/a00080_a40caa62cd742993d2bef9f0612edf5d6_icgraph.pdf Graphic file 
(type pdf)
<use da/dec/a00080_a40caa62cd742993d2bef9f0612edf5d6_icgraph.pdf>
Package pdftex.def Info: da/dec/a00080_a40caa62cd742993d2bef9f0612edf5d6_icgrap
h.pdf  used on input line 78.
(pdftex.def)             Requested size: 350.0pt x 176.81541pt.
 [32]) (d0/d61/a00100.tex <./d0/d61/a00100_a351d0c3187cdba5e7179ba90472ccd8d_cg
raph.pdf>
<d0/d61/a00100_a351d0c3187cdba5e7179ba90472ccd8d_cgraph.pdf, id=1382, 540.0175p
t x 128.48pt>
File: d0/d61/a00100_a351d0c3187cdba5e7179ba90472ccd8d_cgraph.pdf Graphic file (
type pdf)
<use d0/d61/a00100_a351d0c3187cdba5e7179ba90472ccd8d_cgraph.pdf>
Package pdftex.def Info: d0/d61/a00100_a351d0c3187cdba5e7179ba90472ccd8d_cgraph
.pdf  used on input line 26.
(pdftex.def)             Requested size: 350.0pt x 83.27379pt.
) (d9/df8/a00096.tex [33] <./d9/df8/a00096_aa3b9a090f8f4b5f603257cc9e667d8a5_cg
raph.pdf>
<d9/df8/a00096_aa3b9a090f8f4b5f603257cc9e667d8a5_cgraph.pdf, id=1401, 605.26125
pt x 128.48pt>
File: d9/df8/a00096_aa3b9a090f8f4b5f603257cc9e667d8a5_cgraph.pdf Graphic file (
type pdf)
<use d9/df8/a00096_aa3b9a090f8f4b5f603257cc9e667d8a5_cgraph.pdf>
Package pdftex.def Info: d9/df8/a00096_aa3b9a090f8f4b5f603257cc9e667d8a5_cgraph
.pdf  used on input line 26.
(pdftex.def)             Requested size: 350.0pt x 74.29495pt.
) (d1/dc1/a00092.tex <./d1/dc1/a00092_a8e02592cf735bec3f2af9433e8d8b084_cgraph.
pdf

pdfTeX warning: pdflatex (file ./d1/dc1/a00092_a8e02592cf735bec3f2af9433e8d8b08
4_cgraph.pdf): PDF inclusion: multiple pdfs with page group included in a singl
e page
>
<d1/dc1/a00092_a8e02592cf735bec3f2af9433e8d8b084_cgraph.pdf, id=1412, 400.49625
pt x 128.48pt>
File: d1/dc1/a00092_a8e02592cf735bec3f2af9433e8d8b084_cgraph.pdf Graphic file (
type pdf)
<use d1/dc1/a00092_a8e02592cf735bec3f2af9433e8d8b084_cgraph.pdf>
Package pdftex.def Info: d1/dc1/a00092_a8e02592cf735bec3f2af9433e8d8b084_cgraph
.pdf  used on input line 26.
(pdftex.def)             Requested size: 350.0pt x 112.28639pt.
 [34]) [35] [36

]
Chapter 6.
(d2/de7/a00014.tex) (de/d53/a00169.tex) (d6/dfb/a00172.tex) (db/db2/a00020.tex)
(d3/d52/a00023.tex) (d6/d5b/a00026.tex) (d5/d16/a00029.tex) (de/d45/a00175.tex
[37]) (d9/d90/a00178.tex [38]) (d4/d8c/a00035.tex) (d8/d41/a00038.tex)
(dd/d32/a00041.tex) [39] [40

] (refman.ind
Overfull \hbox (42.17104pt too wide) in paragraph at lines 3--5
[]\T1/phv/m/n/10 C:/ce100-hw2-haluk-kurtulus/ce100-hw1-haluk-kurtulus/Class1.cs
,
 []


Overfull \hbox (274.95143pt too wide) in paragraph at lines 5--7
[]\T1/phv/m/n/10 C:/ce100-hw2-haluk-kurtulus/ce100-hw1-haluk-kurtulus/obj/Debug
/net6.0/.NETCoreApp,Version=v6.0.AssemblyAttributes.cs,
 []


Overfull \hbox (99.04065pt too wide) in paragraph at lines 7--9
[]\T1/phv/m/n/10 C:/ce100-hw2-haluk-kurtulus/ce100-hw1-haluk-kurtulus/obj/Debug
/net6.0/ce100-
 []


Overfull \hbox (99.04065pt too wide) in paragraph at lines 9--11
[]\T1/phv/m/n/10 C:/ce100-hw2-haluk-kurtulus/ce100-hw1-haluk-kurtulus/obj/Debug
/net6.0/ce100-
 []


Overfull \hbox (256.60106pt too wide) in paragraph at lines 11--13
[]\T1/phv/m/n/10 C:/ce100-hw2-haluk-kurtulus/ce100-hw2-haluk-kurtulus/obj/Debug
/.NETFramework,Version=v4.8.AssemblyAttributes.cs,
 []


Overfull \hbox (111.74863pt too wide) in paragraph at lines 13--15
[]\T1/phv/m/n/10 C:/ce100-hw2-haluk-kurtulus/ce100-hw2-haluk-kurtulus/Propertie
s/AssemblyInfo.cs,
 []


Overfull \hbox (52.09775pt too wide) in paragraph at lines 15--17
[]\T1/phv/m/n/10 C:/ce100-hw2-haluk-kurtulus/ce100-hw2-haluk-kurtulus/UnitTest1
.cs,
 []


Overfull \hbox (233.08417pt too wide) in paragraph at lines 17--19
[]\T1/phv/m/n/10 C:/ce100-hw2-haluk-kurtulus/ce100-hw2-test/obj/Debug/net6.0/.N
ETCoreApp,Version=v6.0.AssemblyAttributes.cs,
 []


Overfull \hbox (57.17339pt too wide) in paragraph at lines 19--21
[]\T1/phv/m/n/10 C:/ce100-hw2-haluk-kurtulus/ce100-hw2-test/obj/Debug/net6.0/ce
100-
 []


Overfull \hbox (57.17339pt too wide) in paragraph at lines 21--23
[]\T1/phv/m/n/10 C:/ce100-hw2-haluk-kurtulus/ce100-hw2-test/obj/Debug/net6.0/ce
100-
 []

[41


]
Underfull \hbox (badness 10000) in paragraph at lines 148--150
[]| \T1/phv/m/n/10 ce100_hw2_haluk_kurtulus_test.HeapSortTests,
 []


Underfull \hbox (badness 10000) in paragraph at lines 153--155
[]| \T1/phv/m/n/10 ce100_hw2_haluk_kurtulus_test.HeapSortTests,
 []


Underfull \hbox (badness 10000) in paragraph at lines 156--158
[]| \T1/phv/m/n/10 ce100_hw2_haluk_kurtulus_test.HeapSortTests,
 []


Underfull \hbox (badness 10000) in paragraph at lines 159--161
[]| \T1/phv/m/n/10 ce100_hw2_haluk_kurtulus_test.HeapSortTests,
 []


Underfull \hbox (badness 10000) in paragraph at lines 162--164
[]| \T1/phv/m/n/10 ce100_hw2_haluk_kurtulus_test.HeapSortTests,
 []


Underfull \hbox (badness 10000) in paragraph at lines 165--167
[]| \T1/phv/m/n/10 ce100_hw2_haluk_kurtulus_test.HeapSortTests,
 []


Underfull \hbox (badness 10000) in paragraph at lines 168--170
[]| \T1/phv/m/n/10 ce100_hw2_haluk_kurtulus_test.HeapSortTests,
 []

[42]) (refman.aux)
Package rerunfilecheck Info: File `refman.out' has not changed.
(rerunfilecheck)             Checksum: 653ABF3633A5D2E88E8561327D0513EE;26343.
 ) 
Here is how much of TeX's memory you used:
 18869 strings out of 475385
 333952 string characters out of 2776906
 681699 words of memory out of 3000000
 39470 multiletter control sequences out of 15000+600000
 513278 words of font info for 85 fonts, out of 8000000 for 9000
 1141 hyphenation exceptions out of 8191
 99i,16n,117p,1819b,556s stack positions out of 10000i,1000n,20000p,200000b,80000s
{C:/Users/haluk/AppData/Local/Programs/MiKTeX/fonts/enc/dvips/base/8r.enc}<C:
/Users/haluk/AppData/Local/Programs/MiKTeX/fonts/type1/public/amsfonts/cm/cmmi7
.pfb><C:/Users/haluk/AppData/Local/Programs/MiKTeX/fonts/type1/public/amsfonts/
cm/cmsy7.pfb><C:/Users/haluk/AppData/Local/Programs/MiKTeX/fonts/type1/urw/cour
ier/ucrr8a.pfb><C:/Users/haluk/AppData/Local/Programs/MiKTeX/fonts/type1/urw/co
urier/ucrro8a.pfb><C:/Users/haluk/AppData/Local/Programs/MiKTeX/fonts/type1/urw
/helvetic/uhvb8a.pfb><C:/Users/haluk/AppData/Local/Programs/MiKTeX/fonts/type1/
urw/helvetic/uhvb8ac.pfb><C:/Users/haluk/AppData/Local/Programs/MiKTeX/fonts/ty
pe1/urw/helvetic/uhvr8a.pfb>
Output written on refman.pdf (48 pages, 1289824 bytes).
PDF statistics:
 1694 PDF objects out of 1728 (max. 8388607)
 287 named destinations out of 1000 (max. 500000)
 1008 words of extra memory for PDF output out of 10000 (max. 10000000)

