\BOOKMARK [0][-]{chapter.1}{\376\377\0001\000\040\000N\000a\000m\000e\000s\000p\000a\000c\000e\000\040\000I\000n\000d\000e\000x}{}% 1
\BOOKMARK [1][-]{section.1.1}{\376\377\0001\000.\0001\000\040\000N\000a\000m\000e\000s\000p\000a\000c\000e\000\040\000L\000i\000s\000t}{chapter.1}% 2
\BOOKMARK [0][-]{chapter.2}{\376\377\0002\000\040\000D\000a\000t\000a\000\040\000S\000t\000r\000u\000c\000t\000u\000r\000e\000\040\000I\000n\000d\000e\000x}{}% 3
\BOOKMARK [1][-]{section.2.1}{\376\377\0002\000.\0001\000\040\000D\000a\000t\000a\000\040\000S\000t\000r\000u\000c\000t\000u\000r\000e\000s}{chapter.2}% 4
\BOOKMARK [0][-]{chapter.3}{\376\377\0003\000\040\000F\000i\000l\000e\000\040\000I\000n\000d\000e\000x}{}% 5
\BOOKMARK [1][-]{section.3.1}{\376\377\0003\000.\0001\000\040\000F\000i\000l\000e\000\040\000L\000i\000s\000t}{chapter.3}% 6
\BOOKMARK [0][-]{chapter.4}{\376\377\0004\000\040\000N\000a\000m\000e\000s\000p\000a\000c\000e\000\040\000D\000o\000c\000u\000m\000e\000n\000t\000a\000t\000i\000o\000n}{}% 7
\BOOKMARK [1][-]{section.4.1}{\376\377\0004\000.\0001\000\040\000c\000e\0001\0000\0000\000\137\000h\000w\0002\000\137\000h\000a\000l\000u\000k\000\137\000k\000u\000r\000t\000u\000l\000u\000s\000\040\000N\000a\000m\000e\000s\000p\000a\000c\000e\000\040\000R\000e\000f\000e\000r\000e\000n\000c\000e}{chapter.4}% 8
\BOOKMARK [1][-]{section.4.2}{\376\377\0004\000.\0002\000\040\000c\000e\0001\0000\0000\000\137\000h\000w\0002\000\137\000h\000a\000l\000u\000k\000\137\000k\000u\000r\000t\000u\000l\000u\000s\000\137\000t\000e\000s\000t\000\040\000N\000a\000m\000e\000s\000p\000a\000c\000e\000\040\000R\000e\000f\000e\000r\000e\000n\000c\000e}{chapter.4}% 9
\BOOKMARK [1][-]{section.4.3}{\376\377\0004\000.\0003\000\040\000c\000e\0001\0000\0000\000\137\000h\000w\0002\000\137\000t\000e\000s\000t\000\040\000N\000a\000m\000e\000s\000p\000a\000c\000e\000\040\000R\000e\000f\000e\000r\000e\000n\000c\000e}{chapter.4}% 10
\BOOKMARK [0][-]{chapter.5}{\376\377\0005\000\040\000D\000a\000t\000a\000\040\000S\000t\000r\000u\000c\000t\000u\000r\000e\000\040\000D\000o\000c\000u\000m\000e\000n\000t\000a\000t\000i\000o\000n}{}% 11
\BOOKMARK [1][-]{section.5.1}{\376\377\0005\000.\0001\000\040\000c\000e\0001\0000\0000\000\137\000h\000w\0002\000\137\000h\000a\000l\000u\000k\000\137\000k\000u\000r\000t\000u\000l\000u\000s\000.\000G\000F\000G\000\040\000C\000l\000a\000s\000s\000\040\000R\000e\000f\000e\000r\000e\000n\000c\000e}{chapter.5}% 12
\BOOKMARK [2][-]{subsection.5.1.1}{\376\377\0005\000.\0001\000.\0001\000\040\000M\000e\000m\000b\000e\000r\000\040\000F\000u\000n\000c\000t\000i\000o\000n\000\040\000D\000o\000c\000u\000m\000e\000n\000t\000a\000t\000i\000o\000n}{section.5.1}% 13
\BOOKMARK [3][-]{subsubsection.5.1.1.1}{\376\377\0005\000.\0001\000.\0001\000.\0001\000\040\000M\000a\000i\000n\000\050\000\051}{subsection.5.1.1}% 14
\BOOKMARK [3][-]{subsubsection.5.1.1.2}{\376\377\0005\000.\0001\000.\0001\000.\0002\000\040\000M\000a\000t\000r\000i\000x\000C\000h\000a\000i\000n\000O\000r\000d\000e\000r\000\050\000\051}{subsection.5.1.1}% 15
\BOOKMARK [1][-]{section.5.2}{\376\377\0005\000.\0002\000\040\000c\000e\0001\0000\0000\000\137\000h\000w\0002\000\137\000h\000a\000l\000u\000k\000\137\000k\000u\000r\000t\000u\000l\000u\000s\000.\000G\000F\000G\0002\000\040\000C\000l\000a\000s\000s\000\040\000R\000e\000f\000e\000r\000e\000n\000c\000e}{chapter.5}% 16
\BOOKMARK [2][-]{subsection.5.2.1}{\376\377\0005\000.\0002\000.\0001\000\040\000M\000e\000m\000b\000e\000r\000\040\000F\000u\000n\000c\000t\000i\000o\000n\000\040\000D\000o\000c\000u\000m\000e\000n\000t\000a\000t\000i\000o\000n}{section.5.2}% 17
\BOOKMARK [3][-]{subsubsection.5.2.1.1}{\376\377\0005\000.\0002\000.\0001\000.\0001\000\040\000M\000a\000t\000r\000i\000x\000C\000h\000a\000i\000n\000O\000r\000d\000e\000r\000\050\000\051}{subsection.5.2.1}% 18
\BOOKMARK [1][-]{section.5.3}{\376\377\0005\000.\0003\000\040\000c\000e\0001\0000\0000\000\137\000h\000w\0002\000\137\000h\000a\000l\000u\000k\000\137\000k\000u\000r\000t\000u\000l\000u\000s\000.\000G\000F\000G\0003\000\040\000C\000l\000a\000s\000s\000\040\000R\000e\000f\000e\000r\000e\000n\000c\000e}{chapter.5}% 19
\BOOKMARK [2][-]{subsection.5.3.1}{\376\377\0005\000.\0003\000.\0001\000\040\000M\000e\000m\000b\000e\000r\000\040\000F\000u\000n\000c\000t\000i\000o\000n\000\040\000D\000o\000c\000u\000m\000e\000n\000t\000a\000t\000i\000o\000n}{section.5.3}% 20
\BOOKMARK [3][-]{subsubsection.5.3.1.1}{\376\377\0005\000.\0003\000.\0001\000.\0001\000\040\000m\000a\000t\000r\000i\000x\000C\000h\000a\000i\000n\000M\000e\000m\000o\000i\000s\000e\000d\000\050\000\051}{subsection.5.3.1}% 21
\BOOKMARK [3][-]{subsubsection.5.3.1.2}{\376\377\0005\000.\0003\000.\0001\000.\0002\000\040\000M\000a\000t\000r\000i\000x\000C\000h\000a\000i\000n\000O\000r\000d\000e\000r\000\050\000\051}{subsection.5.3.1}% 22
\BOOKMARK [2][-]{subsection.5.3.2}{\376\377\0005\000.\0003\000.\0002\000\040\000F\000i\000e\000l\000d\000\040\000D\000o\000c\000u\000m\000e\000n\000t\000a\000t\000i\000o\000n}{section.5.3}% 23
\BOOKMARK [3][-]{subsubsection.5.3.2.1}{\376\377\0005\000.\0003\000.\0002\000.\0001\000\040\000d\000p}{subsection.5.3.2}% 24
\BOOKMARK [1][-]{section.5.4}{\376\377\0005\000.\0004\000\040\000c\000e\0001\0000\0000\000\137\000h\000w\0002\000\137\000h\000a\000l\000u\000k\000\137\000k\000u\000r\000t\000u\000l\000u\000s\000.\000H\000e\000a\000p\000S\000o\000r\000t\000\040\000C\000l\000a\000s\000s\000\040\000R\000e\000f\000e\000r\000e\000n\000c\000e}{chapter.5}% 25
\BOOKMARK [2][-]{subsection.5.4.1}{\376\377\0005\000.\0004\000.\0001\000\040\000M\000e\000m\000b\000e\000r\000\040\000F\000u\000n\000c\000t\000i\000o\000n\000\040\000D\000o\000c\000u\000m\000e\000n\000t\000a\000t\000i\000o\000n}{section.5.4}% 26
\BOOKMARK [3][-]{subsubsection.5.4.1.1}{\376\377\0005\000.\0004\000.\0001\000.\0001\000\040\000h\000e\000a\000p\000i\000f\000y\000\050\000\051}{subsection.5.4.1}% 27
\BOOKMARK [3][-]{subsubsection.5.4.1.2}{\376\377\0005\000.\0004\000.\0001\000.\0002\000\040\000M\000a\000i\000n\000\050\000\051}{subsection.5.4.1}% 28
\BOOKMARK [3][-]{subsubsection.5.4.1.3}{\376\377\0005\000.\0004\000.\0001\000.\0003\000\040\000p\000r\000i\000n\000t\000A\000r\000r\000a\000y\000\050\000\051}{subsection.5.4.1}% 29
\BOOKMARK [3][-]{subsubsection.5.4.1.4}{\376\377\0005\000.\0004\000.\0001\000.\0004\000\040\000s\000o\000r\000t\000\050\000\051}{subsection.5.4.1}% 30
\BOOKMARK [1][-]{section.5.5}{\376\377\0005\000.\0005\000\040\000c\000e\0001\0000\0000\000\137\000h\000w\0002\000\137\000t\000e\000s\000t\000.\000H\000e\000a\000p\000S\000o\000r\000t\000T\000e\000s\000t\000\040\000C\000l\000a\000s\000s\000\040\000R\000e\000f\000e\000r\000e\000n\000c\000e}{chapter.5}% 31
\BOOKMARK [2][-]{subsection.5.5.1}{\376\377\0005\000.\0005\000.\0001\000\040\000M\000e\000m\000b\000e\000r\000\040\000F\000u\000n\000c\000t\000i\000o\000n\000\040\000D\000o\000c\000u\000m\000e\000n\000t\000a\000t\000i\000o\000n}{section.5.5}% 32
\BOOKMARK [3][-]{subsubsection.5.5.1.1}{\376\377\0005\000.\0005\000.\0001\000.\0001\000\040\000M\000a\000t\000r\000i\000x\000C\000h\000a\000i\000n\000O\000r\000d\000e\000r\000\137\000B\000e\000s\000t\000C\000a\000s\000e\000\050\000\051}{subsection.5.5.1}% 33
\BOOKMARK [3][-]{subsubsection.5.5.1.2}{\376\377\0005\000.\0005\000.\0001\000.\0002\000\040\000M\000a\000t\000r\000i\000x\000C\000h\000a\000i\000n\000O\000r\000d\000e\000r\000\137\000B\000e\000s\000t\000C\000a\000s\000e\000\137\000R\000e\000t\000u\000r\000n\000s\000C\000o\000r\000r\000e\000c\000t\000R\000e\000s\000u\000l\000t\000\050\000\051}{subsection.5.5.1}% 34
\BOOKMARK [3][-]{subsubsection.5.5.1.3}{\376\377\0005\000.\0005\000.\0001\000.\0003\000\040\000S\000o\000r\000t\000\137\000B\000e\000s\000t\000C\000a\000s\000e\000\050\000\051}{subsection.5.5.1}% 35
\BOOKMARK [3][-]{subsubsection.5.5.1.4}{\376\377\0005\000.\0005\000.\0001\000.\0004\000\040\000S\000o\000r\000t\000\137\000w\000o\000r\000s\000t\000C\000a\000s\000e\000\050\000\051}{subsection.5.5.1}% 36
\BOOKMARK [3][-]{subsubsection.5.5.1.5}{\376\377\0005\000.\0005\000.\0001\000.\0005\000\040\000T\000e\000s\000t\000H\000e\000a\000p\000S\000o\000r\000t\000a\000v\000a\000r\000e\000g\000a\000c\000a\000s\000e\000\050\000\051}{subsection.5.5.1}% 37
\BOOKMARK [3][-]{subsubsection.5.5.1.6}{\376\377\0005\000.\0005\000.\0001\000.\0006\000\040\000T\000e\000s\000t\000k\000n\000a\000p\000c\000s\000a\000c\000k\000W\000o\000r\000s\000t\000C\000a\000s\000e\000\050\000\051}{subsection.5.5.1}% 38
\BOOKMARK [3][-]{subsubsection.5.5.1.7}{\376\377\0005\000.\0005\000.\0001\000.\0007\000\040\000T\000e\000s\000t\000K\000n\000a\000p\000S\000a\000c\000k\000A\000v\000e\000r\000a\000g\000e\000C\000a\000s\000e\000\050\000\051}{subsection.5.5.1}% 39
\BOOKMARK [3][-]{subsubsection.5.5.1.8}{\376\377\0005\000.\0005\000.\0001\000.\0008\000\040\000T\000e\000s\000t\000K\000n\000a\000p\000S\000a\000c\000k\000B\000e\000s\000t\000C\000a\000s\000e\000\050\000\051}{subsection.5.5.1}% 40
\BOOKMARK [3][-]{subsubsection.5.5.1.9}{\376\377\0005\000.\0005\000.\0001\000.\0009\000\040\000T\000e\000s\000t\000L\000C\000S\000\137\000W\000o\000r\000s\000t\000C\000a\000s\000e\000\050\000\051}{subsection.5.5.1}% 41
\BOOKMARK [3][-]{subsubsection.5.5.1.10}{\376\377\0005\000.\0005\000.\0001\000.\0001\0000\000\040\000T\000e\000s\000t\000L\000C\000S\000a\000v\000a\000r\000a\000g\000e\000c\000a\000s\000e\000\050\000\051}{subsection.5.5.1}% 42
\BOOKMARK [3][-]{subsubsection.5.5.1.11}{\376\377\0005\000.\0005\000.\0001\000.\0001\0001\000\040\000T\000e\000s\000t\000L\000C\000S\000B\000e\000s\000t\000C\000a\000s\000e\000\050\000\051}{subsection.5.5.1}% 43
\BOOKMARK [3][-]{subsubsection.5.5.1.12}{\376\377\0005\000.\0005\000.\0001\000.\0001\0002\000\040\000T\000e\000s\000t\000M\000a\000t\000r\000i\000x\000C\000h\000a\000i\000n\000M\000u\000l\000t\000i\000p\000l\000i\000c\000a\000t\000i\000o\000n\000a\000v\000a\000r\000a\000g\000e\000c\000a\000s\000e\000\050\000\051}{subsection.5.5.1}% 44
\BOOKMARK [3][-]{subsubsection.5.5.1.13}{\376\377\0005\000.\0005\000.\0001\000.\0001\0003\000\040\000T\000e\000s\000t\000M\000a\000t\000r\000i\000x\000C\000h\000a\000i\000n\000O\000r\000d\000e\000r\000\137\000A\000v\000e\000r\000a\000g\000e\000C\000a\000s\000e\000\050\000\051}{subsection.5.5.1}% 45
\BOOKMARK [3][-]{subsubsection.5.5.1.14}{\376\377\0005\000.\0005\000.\0001\000.\0001\0004\000\040\000T\000e\000s\000t\000M\000a\000t\000r\000i\000x\000C\000h\000a\000i\000n\000O\000r\000d\000e\000r\000\137\000B\000e\000s\000t\000C\000a\000s\000e\000\050\000\051}{subsection.5.5.1}% 46
\BOOKMARK [3][-]{subsubsection.5.5.1.15}{\376\377\0005\000.\0005\000.\0001\000.\0001\0005\000\040\000T\000e\000s\000t\000M\000a\000t\000r\000i\000x\000C\000h\000a\000i\000n\000O\000r\000d\000e\000r\000\137\000W\000o\000r\000s\000t\000C\000a\000s\000e\000\050\000\051}{subsection.5.5.1}% 47
\BOOKMARK [3][-]{subsubsection.5.5.1.16}{\376\377\0005\000.\0005\000.\0001\000.\0001\0006\000\040\000T\000e\000s\000t\000M\000a\000t\000r\000i\000x\000C\000h\000a\000i\000n\000O\000r\000d\000e\000r\000a\000v\000a\000r\000a\000g\000e\000c\000a\000s\000e\000\050\000\051}{subsection.5.5.1}% 48
\BOOKMARK [3][-]{subsubsection.5.5.1.17}{\376\377\0005\000.\0005\000.\0001\000.\0001\0007\000\040\000T\000e\000s\000t\000M\000a\000t\000r\000i\000x\000C\000h\000a\000i\000n\000O\000r\000d\000e\000r\000w\000o\000r\000s\000t\000c\000a\000s\000e\000\050\000\051}{subsection.5.5.1}% 49
\BOOKMARK [3][-]{subsubsection.5.5.1.18}{\376\377\0005\000.\0005\000.\0001\000.\0001\0008\000\040\000T\000e\000s\000t\000W\000o\000r\000s\000t\000C\000a\000s\000e\000g\000f\000c\0003\000\050\000\051}{subsection.5.5.1}% 50
\BOOKMARK [1][-]{section.5.6}{\376\377\0005\000.\0006\000\040\000c\000e\0001\0000\0000\000\137\000h\000w\0002\000\137\000h\000a\000l\000u\000k\000\137\000k\000u\000r\000t\000u\000l\000u\000s\000\137\000t\000e\000s\000t\000.\000H\000e\000a\000p\000S\000o\000r\000t\000T\000e\000s\000t\000s\000\040\000C\000l\000a\000s\000s\000\040\000R\000e\000f\000e\000r\000e\000n\000c\000e}{chapter.5}% 51
\BOOKMARK [2][-]{subsection.5.6.1}{\376\377\0005\000.\0006\000.\0001\000\040\000M\000e\000m\000b\000e\000r\000\040\000F\000u\000n\000c\000t\000i\000o\000n\000\040\000D\000o\000c\000u\000m\000e\000n\000t\000a\000t\000i\000o\000n}{section.5.6}% 52
\BOOKMARK [3][-]{subsubsection.5.6.1.1}{\376\377\0005\000.\0006\000.\0001\000.\0001\000\040\000T\000e\000s\000t\000H\000e\000a\000p\000S\000o\000r\000t\000\050\000\051}{subsection.5.6.1}% 53
\BOOKMARK [3][-]{subsubsection.5.6.1.2}{\376\377\0005\000.\0006\000.\0001\000.\0002\000\040\000T\000e\000s\000t\000H\000e\000a\000p\000S\000o\000r\000t\000W\000i\000t\000h\000D\000u\000p\000l\000i\000c\000a\000t\000e\000E\000l\000e\000m\000e\000n\000t\000s\000\050\000\051}{subsection.5.6.1}% 54
\BOOKMARK [3][-]{subsubsection.5.6.1.3}{\376\377\0005\000.\0006\000.\0001\000.\0003\000\040\000T\000e\000s\000t\000H\000e\000a\000p\000S\000o\000r\000t\000W\000i\000t\000h\000E\000m\000p\000t\000y\000A\000r\000r\000a\000y\000\050\000\051}{subsection.5.6.1}% 55
\BOOKMARK [3][-]{subsubsection.5.6.1.4}{\376\377\0005\000.\0006\000.\0001\000.\0004\000\040\000T\000e\000s\000t\000H\000e\000a\000p\000S\000o\000r\000t\000W\000i\000t\000h\000L\000a\000r\000g\000e\000A\000r\000r\000a\000y\000\050\000\051}{subsection.5.6.1}% 56
\BOOKMARK [3][-]{subsubsection.5.6.1.5}{\376\377\0005\000.\0006\000.\0001\000.\0005\000\040\000T\000e\000s\000t\000H\000e\000a\000p\000S\000o\000r\000t\000W\000i\000t\000h\000R\000e\000v\000e\000r\000s\000e\000S\000o\000r\000t\000e\000d\000A\000r\000r\000a\000y\000\050\000\051}{subsection.5.6.1}% 57
\BOOKMARK [3][-]{subsubsection.5.6.1.6}{\376\377\0005\000.\0006\000.\0001\000.\0006\000\040\000T\000e\000s\000t\000H\000e\000a\000p\000S\000o\000r\000t\000W\000i\000t\000h\000S\000i\000n\000g\000l\000e\000E\000l\000e\000m\000e\000n\000t\000A\000r\000r\000a\000y\000\050\000\051}{subsection.5.6.1}% 58
\BOOKMARK [3][-]{subsubsection.5.6.1.7}{\376\377\0005\000.\0006\000.\0001\000.\0007\000\040\000T\000e\000s\000t\000H\000e\000a\000p\000S\000o\000r\000t\000W\000i\000t\000h\000S\000o\000r\000t\000e\000d\000A\000r\000r\000a\000y\000\050\000\051}{subsection.5.6.1}% 59
\BOOKMARK [1][-]{section.5.7}{\376\377\0005\000.\0007\000\040\000c\000e\0001\0000\0000\000\137\000h\000w\0002\000\137\000h\000a\000l\000u\000k\000\137\000k\000u\000r\000t\000u\000l\000u\000s\000.\000K\000N\000A\000P\000S\000A\000C\000K\000\040\000C\000l\000a\000s\000s\000\040\000R\000e\000f\000e\000r\000e\000n\000c\000e}{chapter.5}% 60
\BOOKMARK [2][-]{subsection.5.7.1}{\376\377\0005\000.\0007\000.\0001\000\040\000M\000e\000m\000b\000e\000r\000\040\000F\000u\000n\000c\000t\000i\000o\000n\000\040\000D\000o\000c\000u\000m\000e\000n\000t\000a\000t\000i\000o\000n}{section.5.7}% 61
\BOOKMARK [3][-]{subsubsection.5.7.1.1}{\376\377\0005\000.\0007\000.\0001\000.\0001\000\040\000k\000n\000a\000p\000S\000a\000c\000k\000\050\000\051}{subsection.5.7.1}% 62
\BOOKMARK [3][-]{subsubsection.5.7.1.2}{\376\377\0005\000.\0007\000.\0001\000.\0002\000\040\000m\000a\000x\000\050\000\051}{subsection.5.7.1}% 63
\BOOKMARK [1][-]{section.5.8}{\376\377\0005\000.\0008\000\040\000K\000N\000A\000P\000S\000A\000C\000K\000T\000e\000s\000t\000s\000\040\000C\000l\000a\000s\000s\000\040\000R\000e\000f\000e\000r\000e\000n\000c\000e}{chapter.5}% 64
\BOOKMARK [2][-]{subsection.5.8.1}{\376\377\0005\000.\0008\000.\0001\000\040\000M\000e\000m\000b\000e\000r\000\040\000F\000u\000n\000c\000t\000i\000o\000n\000\040\000D\000o\000c\000u\000m\000e\000n\000t\000a\000t\000i\000o\000n}{section.5.8}% 65
\BOOKMARK [3][-]{subsubsection.5.8.1.1}{\376\377\0005\000.\0008\000.\0001\000.\0001\000\040\000T\000e\000s\000t\000K\000n\000a\000p\000S\000a\000c\000k\000\050\000\051}{subsection.5.8.1}% 66
\BOOKMARK [1][-]{section.5.9}{\376\377\0005\000.\0009\000\040\000c\000e\0001\0000\0000\000\137\000h\000w\0002\000\137\000h\000a\000l\000u\000k\000\137\000k\000u\000r\000t\000u\000l\000u\000s\000.\000L\000C\000S\000\040\000C\000l\000a\000s\000s\000\040\000R\000e\000f\000e\000r\000e\000n\000c\000e}{chapter.5}% 67
\BOOKMARK [2][-]{subsection.5.9.1}{\376\377\0005\000.\0009\000.\0001\000\040\000M\000e\000m\000b\000e\000r\000\040\000F\000u\000n\000c\000t\000i\000o\000n\000\040\000D\000o\000c\000u\000m\000e\000n\000t\000a\000t\000i\000o\000n}{section.5.9}% 68
\BOOKMARK [3][-]{subsubsection.5.9.1.1}{\376\377\0005\000.\0009\000.\0001\000.\0001\000\040\000l\000c\000s\000\050\000\051}{subsection.5.9.1}% 69
\BOOKMARK [3][-]{subsubsection.5.9.1.2}{\376\377\0005\000.\0009\000.\0001\000.\0002\000\040\000M\000a\000i\000n\000\050\000\051}{subsection.5.9.1}% 70
\BOOKMARK [3][-]{subsubsection.5.9.1.3}{\376\377\0005\000.\0009\000.\0001\000.\0003\000\040\000m\000a\000x\000\050\000\051}{subsection.5.9.1}% 71
\BOOKMARK [1][-]{section.5.10}{\376\377\0005\000.\0001\0000\000\040\000L\000C\000S\000U\000n\000i\000t\000T\000e\000s\000t\000\040\000C\000l\000a\000s\000s\000\040\000R\000e\000f\000e\000r\000e\000n\000c\000e}{chapter.5}% 72
\BOOKMARK [2][-]{subsection.5.10.1}{\376\377\0005\000.\0001\0000\000.\0001\000\040\000M\000e\000m\000b\000e\000r\000\040\000F\000u\000n\000c\000t\000i\000o\000n\000\040\000D\000o\000c\000u\000m\000e\000n\000t\000a\000t\000i\000o\000n}{section.5.10}% 73
\BOOKMARK [3][-]{subsubsection.5.10.1.1}{\376\377\0005\000.\0001\0000\000.\0001\000.\0001\000\040\000T\000e\000s\000t\000L\000C\000S\000\050\000\051}{subsection.5.10.1}% 74
\BOOKMARK [1][-]{section.5.11}{\376\377\0005\000.\0001\0001\000\040\000M\000a\000t\000r\000i\000x\000C\000h\000a\000i\000n\000M\000u\000l\000t\000i\000p\000l\000i\000c\000a\000t\000i\000o\000n\000T\000e\000s\000t\000s\000\040\000C\000l\000a\000s\000s\000\040\000R\000e\000f\000e\000r\000e\000n\000c\000e}{chapter.5}% 75
\BOOKMARK [2][-]{subsection.5.11.1}{\376\377\0005\000.\0001\0001\000.\0001\000\040\000M\000e\000m\000b\000e\000r\000\040\000F\000u\000n\000c\000t\000i\000o\000n\000\040\000D\000o\000c\000u\000m\000e\000n\000t\000a\000t\000i\000o\000n}{section.5.11}% 76
\BOOKMARK [3][-]{subsubsection.5.11.1.1}{\376\377\0005\000.\0001\0001\000.\0001\000.\0001\000\040\000T\000e\000s\000t\000M\000a\000t\000r\000i\000x\000C\000h\000a\000i\000n\000M\000u\000l\000t\000i\000p\000l\000i\000c\000a\000t\000i\000o\000n\000\050\000\051}{subsection.5.11.1}% 77
\BOOKMARK [1][-]{section.5.12}{\376\377\0005\000.\0001\0002\000\040\000M\000a\000t\000r\000i\000x\000C\000h\000a\000i\000n\000O\000r\000d\000e\000r\000T\000e\000s\000t\000s\000\040\000C\000l\000a\000s\000s\000\040\000R\000e\000f\000e\000r\000e\000n\000c\000e}{chapter.5}% 78
\BOOKMARK [2][-]{subsection.5.12.1}{\376\377\0005\000.\0001\0002\000.\0001\000\040\000M\000e\000m\000b\000e\000r\000\040\000F\000u\000n\000c\000t\000i\000o\000n\000\040\000D\000o\000c\000u\000m\000e\000n\000t\000a\000t\000i\000o\000n}{section.5.12}% 79
\BOOKMARK [3][-]{subsubsection.5.12.1.1}{\376\377\0005\000.\0001\0002\000.\0001\000.\0001\000\040\000M\000a\000t\000r\000i\000x\000C\000h\000a\000i\000n\000O\000r\000d\000e\000r\000\137\000T\000e\000s\000t\000\050\000\051}{subsection.5.12.1}% 80
\BOOKMARK [0][-]{chapter.6}{\376\377\0006\000\040\000F\000i\000l\000e\000\040\000D\000o\000c\000u\000m\000e\000n\000t\000a\000t\000i\000o\000n}{}% 81
\BOOKMARK [1][-]{section.6.1}{\376\377\0006\000.\0001\000\040\000C\000:\000/\000c\000e\0001\0000\0000\000-\000h\000w\0002\000-\000h\000a\000l\000u\000k\000-\000k\000u\000r\000t\000u\000l\000u\000s\000/\000c\000e\0001\0000\0000\000-\000h\000w\0001\000-\000h\000a\000l\000u\000k\000-\000k\000u\000r\000t\000u\000l\000u\000s\000/\000C\000l\000a\000s\000s\0001\000.\000c\000s\000\040\000F\000i\000l\000e\000\040\000R\000e\000f\000e\000r\000e\000n\000c\000e}{chapter.6}% 82
\BOOKMARK [1][-]{section.6.2}{\376\377\0006\000.\0002\000\040\000C\000:\000/\000c\000e\0001\0000\0000\000-\000h\000w\0002\000-\000h\000a\000l\000u\000k\000-\000k\000u\000r\000t\000u\000l\000u\000s\000/\000c\000e\0001\0000\0000\000-\000h\000w\0001\000-\000h\000a\000l\000u\000k\000-\000k\000u\000r\000t\000u\000l\000u\000s\000/\000o\000b\000j\000/\000D\000e\000b\000u\000g\000/\000n\000e\000t\0006\000.\0000\000/\000.\000N\000E\000T\000C\000o\000r\000e\000A\000p\000p\000,\000V\000e\000r\000s\000i\000o\000n\000=\000v\0006\000.\0000\000.\000A\000s\000s\000e\000m\000b\000l\000y\000A\000t\000t\000r\000i\000b\000u\000t\000e\000s\000.\000c\000s\000\040\000F\000i\000l\000e\000\040\000R\000e\000f\000e\000r\000e\000n\000c\000e}{chapter.6}% 83
\BOOKMARK [1][-]{section.6.3}{\376\377\0006\000.\0003\000\040\000C\000:\000/\000c\000e\0001\0000\0000\000-\000h\000w\0002\000-\000h\000a\000l\000u\000k\000-\000k\000u\000r\000t\000u\000l\000u\000s\000/\000c\000e\0001\0000\0000\000-\000h\000w\0002\000-\000t\000e\000s\000t\000/\000o\000b\000j\000/\000D\000e\000b\000u\000g\000/\000n\000e\000t\0006\000.\0000\000/\000.\000N\000E\000T\000C\000o\000r\000e\000A\000p\000p\000,\000V\000e\000r\000s\000i\000o\000n\000=\000v\0006\000.\0000\000.\000A\000s\000s\000e\000m\000b\000l\000y\000A\000t\000t\000r\000i\000b\000u\000t\000e\000s\000.\000c\000s\000\040\000F\000i\000l\000e\000\040\000R\000e\000f\000e\000r\000e\000n\000c\000e}{chapter.6}% 84
\BOOKMARK [1][-]{section.6.4}{\376\377\0006\000.\0004\000\040\000C\000:\000/\000c\000e\0001\0000\0000\000-\000h\000w\0002\000-\000h\000a\000l\000u\000k\000-\000k\000u\000r\000t\000u\000l\000u\000s\000/\000c\000e\0001\0000\0000\000-\000h\000w\0001\000-\000h\000a\000l\000u\000k\000-\000k\000u\000r\000t\000u\000l\000u\000s\000/\000o\000b\000j\000/\000D\000e\000b\000u\000g\000/\000n\000e\000t\0006\000.\0000\000/\000c\000e\0001\0000\0000\000-\000h\000w\0001\000-\000h\000a\000l\000u\000k\000-\000k\000u\000r\000t\000u\000l\000u\000s\000.\000A\000s\000s\000e\000m\000b\000l\000y\000I\000n\000f\000o\000.\000c\000s\000\040\000F\000i\000l\000e\000\040\000R\000e\000f\000e\000r\000e\000n\000c\000e}{chapter.6}% 85
\BOOKMARK [1][-]{section.6.5}{\376\377\0006\000.\0005\000\040\000C\000:\000/\000c\000e\0001\0000\0000\000-\000h\000w\0002\000-\000h\000a\000l\000u\000k\000-\000k\000u\000r\000t\000u\000l\000u\000s\000/\000c\000e\0001\0000\0000\000-\000h\000w\0001\000-\000h\000a\000l\000u\000k\000-\000k\000u\000r\000t\000u\000l\000u\000s\000/\000o\000b\000j\000/\000D\000e\000b\000u\000g\000/\000n\000e\000t\0006\000.\0000\000/\000c\000e\0001\0000\0000\000-\000h\000w\0001\000-\000h\000a\000l\000u\000k\000-\000k\000u\000r\000t\000u\000l\000u\000s\000.\000G\000l\000o\000b\000a\000l\000U\000s\000i\000n\000g\000s\000.\000g\000.\000c\000s\000\040\000F\000i\000l\000e\000\040\000R\000e\000f\000e\000r\000e\000n\000c\000e}{chapter.6}% 86
\BOOKMARK [1][-]{section.6.6}{\376\377\0006\000.\0006\000\040\000C\000:\000/\000c\000e\0001\0000\0000\000-\000h\000w\0002\000-\000h\000a\000l\000u\000k\000-\000k\000u\000r\000t\000u\000l\000u\000s\000/\000c\000e\0001\0000\0000\000-\000h\000w\0002\000-\000h\000a\000l\000u\000k\000-\000k\000u\000r\000t\000u\000l\000u\000s\000/\000o\000b\000j\000/\000D\000e\000b\000u\000g\000/\000.\000N\000E\000T\000F\000r\000a\000m\000e\000w\000o\000r\000k\000,\000V\000e\000r\000s\000i\000o\000n\000=\000v\0004\000.\0008\000.\000A\000s\000s\000e\000m\000b\000l\000y\000A\000t\000t\000r\000i\000b\000u\000t\000e\000s\000.\000c\000s\000\040\000F\000i\000l\000e\000\040\000R\000e\000f\000e\000r\000e\000n\000c\000e}{chapter.6}% 87
\BOOKMARK [1][-]{section.6.7}{\376\377\0006\000.\0007\000\040\000C\000:\000/\000c\000e\0001\0000\0000\000-\000h\000w\0002\000-\000h\000a\000l\000u\000k\000-\000k\000u\000r\000t\000u\000l\000u\000s\000/\000c\000e\0001\0000\0000\000-\000h\000w\0002\000-\000h\000a\000l\000u\000k\000-\000k\000u\000r\000t\000u\000l\000u\000s\000/\000P\000r\000o\000p\000e\000r\000t\000i\000e\000s\000/\000A\000s\000s\000e\000m\000b\000l\000y\000I\000n\000f\000o\000.\000c\000s\000\040\000F\000i\000l\000e\000\040\000R\000e\000f\000e\000r\000e\000n\000c\000e}{chapter.6}% 88
\BOOKMARK [1][-]{section.6.8}{\376\377\0006\000.\0008\000\040\000C\000:\000/\000c\000e\0001\0000\0000\000-\000h\000w\0002\000-\000h\000a\000l\000u\000k\000-\000k\000u\000r\000t\000u\000l\000u\000s\000/\000c\000e\0001\0000\0000\000-\000h\000w\0002\000-\000h\000a\000l\000u\000k\000-\000k\000u\000r\000t\000u\000l\000u\000s\000/\000U\000n\000i\000t\000T\000e\000s\000t\0001\000.\000c\000s\000\040\000F\000i\000l\000e\000\040\000R\000e\000f\000e\000r\000e\000n\000c\000e}{chapter.6}% 89
\BOOKMARK [1][-]{section.6.9}{\376\377\0006\000.\0009\000\040\000C\000:\000/\000c\000e\0001\0000\0000\000-\000h\000w\0002\000-\000h\000a\000l\000u\000k\000-\000k\000u\000r\000t\000u\000l\000u\000s\000/\000c\000e\0001\0000\0000\000-\000h\000w\0002\000-\000t\000e\000s\000t\000/\000U\000n\000i\000t\000T\000e\000s\000t\0001\000.\000c\000s\000\040\000F\000i\000l\000e\000\040\000R\000e\000f\000e\000r\000e\000n\000c\000e}{chapter.6}% 90
\BOOKMARK [1][-]{section.6.10}{\376\377\0006\000.\0001\0000\000\040\000C\000:\000/\000c\000e\0001\0000\0000\000-\000h\000w\0002\000-\000h\000a\000l\000u\000k\000-\000k\000u\000r\000t\000u\000l\000u\000s\000/\000c\000e\0001\0000\0000\000-\000h\000w\0002\000-\000t\000e\000s\000t\000/\000o\000b\000j\000/\000D\000e\000b\000u\000g\000/\000n\000e\000t\0006\000.\0000\000/\000c\000e\0001\0000\0000\000-\000h\000w\0002\000-\000t\000e\000s\000t\000.\000A\000s\000s\000e\000m\000b\000l\000y\000I\000n\000f\000o\000.\000c\000s\000\040\000F\000i\000l\000e\000\040\000R\000e\000f\000e\000r\000e\000n\000c\000e}{chapter.6}% 91
\BOOKMARK [1][-]{section.6.11}{\376\377\0006\000.\0001\0001\000\040\000C\000:\000/\000c\000e\0001\0000\0000\000-\000h\000w\0002\000-\000h\000a\000l\000u\000k\000-\000k\000u\000r\000t\000u\000l\000u\000s\000/\000c\000e\0001\0000\0000\000-\000h\000w\0002\000-\000t\000e\000s\000t\000/\000o\000b\000j\000/\000D\000e\000b\000u\000g\000/\000n\000e\000t\0006\000.\0000\000/\000c\000e\0001\0000\0000\000-\000h\000w\0002\000-\000t\000e\000s\000t\000.\000G\000l\000o\000b\000a\000l\000U\000s\000i\000n\000g\000s\000.\000g\000.\000c\000s\000\040\000F\000i\000l\000e\000\040\000R\000e\000f\000e\000r\000e\000n\000c\000e}{chapter.6}% 92
\BOOKMARK [1][-]{section.6.12}{\376\377\0006\000.\0001\0002\000\040\000C\000:\000/\000c\000e\0001\0000\0000\000-\000h\000w\0002\000-\000h\000a\000l\000u\000k\000-\000k\000u\000r\000t\000u\000l\000u\000s\000/\000c\000e\0001\0000\0000\000-\000h\000w\0002\000-\000t\000e\000s\000t\000/\000U\000s\000i\000n\000g\000s\000.\000c\000s\000\040\000F\000i\000l\000e\000\040\000R\000e\000f\000e\000r\000e\000n\000c\000e}{chapter.6}% 93
\BOOKMARK [0][-]{section*.79}{\376\377\000I\000n\000d\000e\000x}{}% 94
